::1 - - [23/Aug/2023:18:58:18 +0000] "POST /objectos/subir-archivos HTTP/1.1" 400 56 "-" "PostmanRuntime/7.32.3"
::1 - - [23/Aug/2023:19:03:32 +0000] "POST /auth/usuario HTTP/1.1" 200 98 "-" "PostmanRuntime/7.32.3"
::1 - - [23/Aug/2023:19:04:01 +0000] "POST /auth/usuario HTTP/1.1" 200 98 "-" "PostmanRuntime/7.32.3"
::1 - - [23/Aug/2023:19:04:20 +0000] "GET /auth/usuario-confirmar/SNuxqO+Emu HTTP/1.1" 200 44 "-" "PostmanRuntime/7.32.3"
::1 - - [23/Aug/2023:19:04:28 +0000] "GET /auth/usuario-confirmar/cXS*VkHEn+ HTTP/1.1" 200 44 "-" "PostmanRuntime/7.32.3"
::1 - - [23/Aug/2023:19:04:55 +0000] "POST /auth/usuario/iniciar-sesion HTTP/1.1" 200 286 "-" "PostmanRuntime/7.32.3"
::1 - - [23/Aug/2023:19:05:16 +0000] "POST /auth/usuario/iniciar-sesion HTTP/1.1" 200 286 "-" "PostmanRuntime/7.32.3"
::1 - - [23/Aug/2023:19:06:44 +0000] "POST /objectos/folder HTTP/1.1" 500 47 "-" "PostmanRuntime/7.32.3"
::1 - - [23/Aug/2023:19:08:27 +0000] "POST /objectos/folder HTTP/1.1" 500 47 "-" "PostmanRuntime/7.32.3"
::1 - - [23/Aug/2023:19:10:28 +0000] "POST /objectos/folder HTTP/1.1" 500 47 "-" "PostmanRuntime/7.32.3"
::1 - - [23/Aug/2023:19:10:37 +0000] "POST /objectos/folder HTTP/1.1" 500 47 "-" "PostmanRuntime/7.32.3"
::1 - - [23/Aug/2023:19:11:45 +0000] "POST /objectos/folder HTTP/1.1" 500 47 "-" "PostmanRuntime/7.32.3"
::1 - - [23/Aug/2023:19:12:35 +0000] "POST /objectos/folder HTTP/1.1" 500 47 "-" "PostmanRuntime/7.32.3"
::1 - - [23/Aug/2023:19:12:45 +0000] "POST /objectos/folder HTTP/1.1" 500 47 "-" "PostmanRuntime/7.32.3"
::1 - - [23/Aug/2023:19:17:30 +0000] "POST /objectos/folder HTTP/1.1" 404 52 "-" "PostmanRuntime/7.32.3"
::1 - - [23/Aug/2023:19:17:53 +0000] "POST /objectos/folder HTTP/1.1" 404 52 "-" "PostmanRuntime/7.32.3"
::1 - - [23/Aug/2023:19:18:00 +0000] "POST /objectos/folder HTTP/1.1" 404 52 "-" "PostmanRuntime/7.32.3"
::1 - - [23/Aug/2023:19:18:58 +0000] "POST /objectos/folder HTTP/1.1" 500 47 "-" "PostmanRuntime/7.32.3"
::1 - - [23/Aug/2023:19:19:20 +0000] "POST /objectos/folder HTTP/1.1" 404 52 "-" "PostmanRuntime/7.32.3"
::1 - - [23/Aug/2023:19:19:30 +0000] "POST /objectos/folder HTTP/1.1" 404 52 "-" "PostmanRuntime/7.32.3"
::1 - - [23/Aug/2023:19:19:37 +0000] "POST /objectos/folder HTTP/1.1" 200 162 "-" "PostmanRuntime/7.32.3"
::1 - - [23/Aug/2023:19:20:24 +0000] "POST /objectos/folder HTTP/1.1" 200 199 "-" "PostmanRuntime/7.32.3"
::1 - - [23/Aug/2023:19:20:30 +0000] "POST /objectos/folder HTTP/1.1" 200 199 "-" "PostmanRuntime/7.32.3"
::1 - - [23/Aug/2023:19:20:34 +0000] "POST /objectos/folder HTTP/1.1" 200 199 "-" "PostmanRuntime/7.32.3"
::1 - - [23/Aug/2023:19:21:19 +0000] "POST /objectos/folder HTTP/1.1" 200 236 "-" "PostmanRuntime/7.32.3"
::1 - - [23/Aug/2023:19:21:26 +0000] "POST /objectos/folder HTTP/1.1" 200 236 "-" "PostmanRuntime/7.32.3"
::1 - - [23/Aug/2023:19:21:38 +0000] "POST /objectos/folder HTTP/1.1" 200 236 "-" "PostmanRuntime/7.32.3"
::1 - - [23/Aug/2023:19:22:05 +0000] "POST /objectos/folder HTTP/1.1" 200 236 "-" "PostmanRuntime/7.32.3"
::1 - - [23/Aug/2023:19:23:24 +0000] "POST /objectos/folder HTTP/1.1" 200 236 "-" "PostmanRuntime/7.32.3"
::1 - - [23/Aug/2023:19:23:46 +0000] "POST /objectos/folder HTTP/1.1" 200 273 "-" "PostmanRuntime/7.32.3"
::1 - - [23/Aug/2023:19:23:53 +0000] "POST /objectos/folder HTTP/1.1" 200 273 "-" "PostmanRuntime/7.32.3"
::1 - - [23/Aug/2023:19:24:24 +0000] "POST /objectos/folder HTTP/1.1" 404 52 "-" "PostmanRuntime/7.32.3"
::1 - - [23/Aug/2023:19:24:58 +0000] "POST /objectos/folder HTTP/1.1" 200 162 "-" "PostmanRuntime/7.32.3"
::1 - - [23/Aug/2023:19:25:04 +0000] "POST /objectos/folder HTTP/1.1" 200 162 "-" "PostmanRuntime/7.32.3"
::1 - - [23/Aug/2023:19:25:08 +0000] "POST /objectos/folder HTTP/1.1" 200 162 "-" "PostmanRuntime/7.32.3"
::1 - - [23/Aug/2023:19:25:13 +0000] "POST /objectos/folder HTTP/1.1" 200 162 "-" "PostmanRuntime/7.32.3"
::1 - - [23/Aug/2023:19:25:17 +0000] "POST /objectos/folder HTTP/1.1" 200 162 "-" "PostmanRuntime/7.32.3"
::1 - - [23/Aug/2023:19:26:02 +0000] "POST /objectos/folder HTTP/1.1" 200 199 "-" "PostmanRuntime/7.32.3"
::1 - - [23/Aug/2023:19:26:10 +0000] "POST /objectos/folder HTTP/1.1" 200 199 "-" "PostmanRuntime/7.32.3"
::1 - - [23/Aug/2023:19:26:15 +0000] "POST /objectos/folder HTTP/1.1" 200 199 "-" "PostmanRuntime/7.32.3"
::1 - - [23/Aug/2023:19:26:57 +0000] "POST /objectos/folder HTTP/1.1" 200 199 "-" "PostmanRuntime/7.32.3"
::1 - - [23/Aug/2023:19:27:14 +0000] "POST /objectos/folder HTTP/1.1" 200 199 "-" "PostmanRuntime/7.32.3"
::1 - - [23/Aug/2023:19:28:08 +0000] "GET /objectos/folder/eb66c155-f5b5-4a7d-ab19-59ca692c206f HTTP/1.1" 200 734 "-" "PostmanRuntime/7.32.3"
::1 - - [23/Aug/2023:19:28:29 +0000] "GET /objectos/folder/eef8614f-ecb9-4c6c-976c-afc2e682c286 HTTP/1.1" 200 77 "-" "PostmanRuntime/7.32.3"
::1 - - [23/Aug/2023:19:29:13 +0000] "GET /objectos/folder/9b8b8fb7-29b8-4245-9ded-7f2511a9c260 HTTP/1.1" 200 538 "-" "PostmanRuntime/7.32.3"
::1 - - [23/Aug/2023:19:30:36 +0000] "GET /objectos/folder/9b8b8fb7-29b8-4245-9ded-7f2511a9c260 HTTP/1.1" 200 538 "-" "PostmanRuntime/7.32.3"
::1 - - [23/Aug/2023:19:31:59 +0000] "GET /objectos/folder/9b8b8fb7-29b8-4245-9ded-7f2511a9c260 HTTP/1.1" 404 45 "-" "PostmanRuntime/7.32.3"
::1 - - [23/Aug/2023:19:32:33 +0000] "GET /objectos/folder/eef8614f-ecb9-4c6c-976c-afc2e682c286 HTTP/1.1" 404 45 "-" "PostmanRuntime/7.32.3"
::1 - - [23/Aug/2023:19:40:05 +0000] "POST /objectos/folder HTTP/1.1" 404 52 "-" "PostmanRuntime/7.32.3"
::1 - - [23/Aug/2023:19:40:59 +0000] "POST /objectos/folder HTTP/1.1" 404 52 "-" "PostmanRuntime/7.32.3"
::1 - - [23/Aug/2023:19:41:20 +0000] "POST /objectos/folder HTTP/1.1" 200 199 "-" "PostmanRuntime/7.32.3"
::1 - - [23/Aug/2023:19:42:31 +0000] "POST /objectos/folder HTTP/1.1" 404 52 "-" "PostmanRuntime/7.32.3"
::1 - - [23/Aug/2023:19:42:41 +0000] "POST /objectos/folder HTTP/1.1" 200 236 "-" "PostmanRuntime/7.32.3"
::1 - - [23/Aug/2023:19:44:13 +0000] "POST /objectos/folder HTTP/1.1" 200 236 "-" "PostmanRuntime/7.32.3"
::1 - - [23/Aug/2023:19:45:06 +0000] "POST /objectos/folder HTTP/1.1" 404 52 "-" "PostmanRuntime/7.32.3"
::1 - - [23/Aug/2023:19:45:50 +0000] "GET /objectos/folder/9b8b8fb7-29b8-4245-9ded-7f2511a9c260 HTTP/1.1" 200 538 "-" "PostmanRuntime/7.32.3"
::1 - - [23/Aug/2023:19:46:06 +0000] "GET /objectos/folder/eef8614f-ecb9-4c6c-976c-afc2e682c286 HTTP/1.1" 404 52 "-" "PostmanRuntime/7.32.3"
::1 - - [23/Aug/2023:19:46:23 +0000] "GET /objectos/folder/eb66c155-f5b5-4a7d-ab19-59ca692c206f HTTP/1.1" 200 956 "-" "PostmanRuntime/7.32.3"
::1 - - [23/Aug/2023:19:46:37 +0000] "GET /objectos/folder/34fe3f82-8774-4aff-9b31-a3b43294b65d HTTP/1.1" 200 77 "-" "PostmanRuntime/7.32.3"
::1 - - [23/Aug/2023:19:46:44 +0000] "GET /objectos/folder/7229509c-d909-4ceb-905a-5915e4a92dd1 HTTP/1.1" 404 52 "-" "PostmanRuntime/7.32.3"
::1 - - [23/Aug/2023:19:47:41 +0000] "GET /objectos/folder/7229509c-d909-4ceb-905a-5915e4a92dd1 HTTP/1.1" 200 77 "-" "PostmanRuntime/7.32.3"
::1 - - [23/Aug/2023:19:47:59 +0000] "GET /objectos/folder/eef8614f-ecb9-4c6c-976c-afc2e682c286 HTTP/1.1" 200 781 "-" "PostmanRuntime/7.32.3"
::1 - - [23/Aug/2023:19:48:18 +0000] "GET /objectos/folder/f521c962-a233-4844-af03-8d9c51202e9f HTTP/1.1" 200 708 "-" "PostmanRuntime/7.32.3"
::1 - - [23/Aug/2023:19:48:33 +0000] "GET /objectos/folder/eb66c155-f5b5-4a7d-ab19-59ca692c206f HTTP/1.1" 404 52 "-" "PostmanRuntime/7.32.3"
::1 - - [23/Aug/2023:19:50:01 +0000] "POST /objectos/subir-archivos HTTP/1.1" 500 183 "-" "PostmanRuntime/7.32.3"
::1 - - [23/Aug/2023:19:52:31 +0000] "POST /objectos/subir-archivos HTTP/1.1" 500 183 "-" "PostmanRuntime/7.32.3"
::1 - - [23/Aug/2023:19:57:31 +0000] "GET /objectos/folder/eb66c155-f5b5-4a7d-ab19-59ca692c206f HTTP/1.1" 404 52 "-" "PostmanRuntime/7.32.3"
::1 - - [23/Aug/2023:19:57:38 +0000] "GET /objectos/folder/eef8614f-ecb9-4c6c-976c-afc2e682c286 HTTP/1.1" 200 781 "-" "PostmanRuntime/7.32.3"
::1 - - [23/Aug/2023:19:57:44 +0000] "GET /objectos/folder/9b8b8fb7-29b8-4245-9ded-7f2511a9c260 HTTP/1.1" 404 52 "-" "PostmanRuntime/7.32.3"
::1 - - [23/Aug/2023:19:57:48 +0000] "GET /objectos/folder/eef8614f-ecb9-4c6c-976c-afc2e682c286 HTTP/1.1" 200 781 "-" "PostmanRuntime/7.32.3"
::1 - - [23/Aug/2023:19:57:52 +0000] "GET /objectos/folder/eef8614f-ecb9-4c6c-976c-afc2e682c286 HTTP/1.1" 404 52 "-" "PostmanRuntime/7.32.3"
::1 - - [23/Aug/2023:19:57:56 +0000] "GET /objectos/folder/eef8614f-ecb9-4c6c-976c-afc2e682c286 HTTP/1.1" 200 781 "-" "PostmanRuntime/7.32.3"
::1 - - [23/Aug/2023:19:58:02 +0000] "GET /objectos/folder/eef8614f-ecb9-4c6c-976c-afc2e682c286 HTTP/1.1" 200 781 "-" "PostmanRuntime/7.32.3"
::1 - - [23/Aug/2023:19:58:24 +0000] "POST /objectos/folder HTTP/1.1" 404 52 "-" "PostmanRuntime/7.32.3"
::1 - - [23/Aug/2023:19:58:32 +0000] "POST /objectos/folder HTTP/1.1" 200 236 "-" "PostmanRuntime/7.32.3"
::1 - - [23/Aug/2023:19:59:25 +0000] "POST /objectos/folder HTTP/1.1" 404 52 "-" "PostmanRuntime/7.32.3"
::1 - - [23/Aug/2023:19:59:34 +0000] "GET /objectos/folder/eef8614f-ecb9-4c6c-976c-afc2e682c286 HTTP/1.1" 200 781 "-" "PostmanRuntime/7.32.3"
::1 - - [23/Aug/2023:19:59:37 +0000] "GET /objectos/folder/eef8614f-ecb9-4c6c-976c-afc2e682c286 HTTP/1.1" 404 52 "-" "PostmanRuntime/7.32.3"
::1 - - [23/Aug/2023:19:59:41 +0000] "GET /objectos/folder/eef8614f-ecb9-4c6c-976c-afc2e682c286 HTTP/1.1" 200 781 "-" "PostmanRuntime/7.32.3"
::1 - - [23/Aug/2023:19:59:44 +0000] "GET /objectos/folder/eef8614f-ecb9-4c6c-976c-afc2e682c287 HTTP/1.1" 404 52 "-" "PostmanRuntime/7.32.3"
::1 - - [23/Aug/2023:19:59:48 +0000] "GET /objectos/folder/eef8614f-ecb9-4c6c-976c-afc2e682c286 HTTP/1.1" 200 781 "-" "PostmanRuntime/7.32.3"
::1 - - [23/Aug/2023:20:00:08 +0000] "POST /objectos/subir-archivos HTTP/1.1" 500 183 "-" "PostmanRuntime/7.32.3"
::1 - - [23/Aug/2023:20:02:27 +0000] "POST /objectos/folder HTTP/1.1" 404 52 "-" "PostmanRuntime/7.32.3"
::1 - - [23/Aug/2023:20:02:33 +0000] "POST /objectos/folder HTTP/1.1" 200 273 "-" "PostmanRuntime/7.32.3"
::1 - - [23/Aug/2023:20:02:53 +0000] "POST /objectos/folder HTTP/1.1" 200 273 "-" "PostmanRuntime/7.32.3"
::1 - - [23/Aug/2023:20:03:04 +0000] "POST /objectos/folder HTTP/1.1" 404 52 "-" "PostmanRuntime/7.32.3"
::1 - - [23/Aug/2023:20:03:13 +0000] "POST /objectos/folder HTTP/1.1" 200 273 "-" "PostmanRuntime/7.32.3"
::1 - - [23/Aug/2023:20:03:18 +0000] "POST /objectos/folder HTTP/1.1" 200 273 "-" "PostmanRuntime/7.32.3"
::1 - - [23/Aug/2023:20:03:23 +0000] "GET /objectos/folder/eef8614f-ecb9-4c6c-976c-afc2e682c286 HTTP/1.1" 200 781 "-" "PostmanRuntime/7.32.3"
::1 - - [23/Aug/2023:20:03:26 +0000] "GET /objectos/folder/eef8614f-ecb9-4c6c-976c-afc2e682c286 HTTP/1.1" 404 52 "-" "PostmanRuntime/7.32.3"
::1 - - [23/Aug/2023:20:03:32 +0000] "GET /objectos/folder/eef8614f-ecb9-4c6c-976c-afc2e682c286 HTTP/1.1" 200 781 "-" "PostmanRuntime/7.32.3"
::1 - - [23/Aug/2023:20:03:53 +0000] "POST /objectos/subir-archivos HTTP/1.1" 500 183 "-" "PostmanRuntime/7.32.3"
::1 - - [23/Aug/2023:20:05:02 +0000] "POST /objectos/subir-archivos HTTP/1.1" 500 183 "-" "PostmanRuntime/7.32.3"
::1 - - [23/Aug/2023:20:06:13 +0000] "POST /objectos/subir-archivos HTTP/1.1" 500 183 "-" "PostmanRuntime/7.32.3"
::1 - - [23/Aug/2023:20:09:11 +0000] "POST /objectos/folder HTTP/1.1" 200 273 "-" "PostmanRuntime/7.32.3"
::1 - - [23/Aug/2023:20:09:37 +0000] "POST /objectos/folder HTTP/1.1" 404 52 "-" "PostmanRuntime/7.32.3"
::1 - - [23/Aug/2023:20:09:42 +0000] "GET /objectos/folder/eef8614f-ecb9-4c6c-976c-afc2e682c286 HTTP/1.1" 200 781 "-" "PostmanRuntime/7.32.3"
::1 - - [23/Aug/2023:20:09:45 +0000] "GET /objectos/folder/eef8614f-ecb9-4c6c-976c-afc2e682c286 HTTP/1.1" 404 52 "-" "PostmanRuntime/7.32.3"
::1 - - [23/Aug/2023:20:09:49 +0000] "GET /objectos/folder/eef8614f-ecb9-4c6c-976c-afc2e682c286 HTTP/1.1" 200 781 "-" "PostmanRuntime/7.32.3"
::1 - - [23/Aug/2023:20:09:55 +0000] "POST /objectos/subir-archivos HTTP/1.1" 500 183 "-" "PostmanRuntime/7.32.3"
::1 - - [23/Aug/2023:20:11:14 +0000] "POST /objectos/subir-archivos HTTP/1.1" 500 45 "-" "PostmanRuntime/7.32.3"
::1 - - [23/Aug/2023:20:11:38 +0000] "POST /objectos/folder HTTP/1.1" 200 273 "-" "PostmanRuntime/7.32.3"
::1 - - [23/Aug/2023:20:12:35 +0000] "POST /objectos/subir-archivos HTTP/1.1" 500 45 "-" "PostmanRuntime/7.32.3"
::1 - - [23/Aug/2023:20:12:56 +0000] "POST /objectos/subir-archivos HTTP/1.1" 404 52 "-" "PostmanRuntime/7.32.3"
::1 - - [23/Aug/2023:20:14:22 +0000] "POST /objectos/subir-archivos HTTP/1.1" 404 52 "-" "PostmanRuntime/7.32.3"
::1 - - [23/Aug/2023:20:14:30 +0000] "POST /objectos/subir-archivos HTTP/1.1" 500 45 "-" "PostmanRuntime/7.32.3"
::1 - - [23/Aug/2023:21:19:58 +0000] "POST /objectos/subir-archivos HTTP/1.1" 500 45 "-" "PostmanRuntime/7.32.3"
::1 - - [23/Aug/2023:21:21:26 +0000] "POST /objectos/subir-archivos HTTP/1.1" 200 958 "-" "PostmanRuntime/7.32.3"
::1 - - [23/Aug/2023:21:21:53 +0000] "POST /objectos/subir-archivos HTTP/1.1" 200 1703 "-" "PostmanRuntime/7.32.3"
::1 - - [23/Aug/2023:21:25:51 +0000] "POST /objectos/subir-archivos HTTP/1.1" 200 2074 "-" "PostmanRuntime/7.32.3"
::1 - - [23/Aug/2023:21:36:10 +0000] "POST /objectos/subir-archivos HTTP/1.1" 200 2496 "-" "PostmanRuntime/7.32.3"
::1 - - [23/Aug/2023:21:40:04 +0000] "POST /objectos/subir-archivos HTTP/1.1" 200 2606 "-" "PostmanRuntime/7.32.3"
::1 - - [23/Aug/2023:21:44:24 +0000] "POST /objectos/subir-archivos HTTP/1.1" 200 586 "-" "PostmanRuntime/7.32.3"
::1 - - [23/Aug/2023:21:45:15 +0000] "POST /objectos/subir-archivos HTTP/1.1" 200 1218 "-" "PostmanRuntime/7.32.3"
::1 - - [23/Aug/2023:21:48:22 +0000] "POST /objectos/subir-archivos HTTP/1.1" 500 226 "-" "PostmanRuntime/7.32.3"
::1 - - [23/Aug/2023:21:50:29 +0000] "POST /objectos/subir-archivos HTTP/1.1" 500 226 "-" "PostmanRuntime/7.32.3"
::1 - - [23/Aug/2023:21:51:08 +0000] "POST /objectos/subir-archivos HTTP/1.1" 500 55 "-" "PostmanRuntime/7.32.3"
::1 - - [23/Aug/2023:21:51:57 +0000] "POST /objectos/subir-archivos HTTP/1.1" 200 1903 "-" "PostmanRuntime/7.32.3"
::1 - - [23/Aug/2023:21:54:44 +0000] "POST /objectos/subir-archivos HTTP/1.1" 200 2678 "-" "PostmanRuntime/7.32.3"
::1 - - [23/Aug/2023:21:55:59 +0000] "POST /objectos/subir-archivos HTTP/1.1" 500 50 "-" "PostmanRuntime/7.32.3"
::1 - - [23/Aug/2023:21:56:12 +0000] "POST /objectos/subir-archivos HTTP/1.1" 200 2792 "-" "PostmanRuntime/7.32.3"
::1 - - [23/Aug/2023:21:56:28 +0000] "POST /objectos/subir-archivos HTTP/1.1" 200 2782 "-" "PostmanRuntime/7.32.3"
::1 - - [23/Aug/2023:21:57:52 +0000] "POST /objectos/subir-archivos HTTP/1.1" 200 3505 "-" "PostmanRuntime/7.32.3"
::1 - - [23/Aug/2023:22:00:06 +0000] "POST /objectos/subir-archivos HTTP/1.1" 200 4017 "-" "PostmanRuntime/7.32.3"
::1 - - [23/Aug/2023:22:07:18 +0000] "POST /objectos/subir-archivos HTTP/1.1" 200 4211 "-" "PostmanRuntime/7.32.3"
::1 - - [23/Aug/2023:22:55:49 +0000] "POST /objectos/subir-archivos HTTP/1.1" 200 2085 "-" "PostmanRuntime/7.32.3"
::1 - - [23/Aug/2023:22:59:02 +0000] "POST /objectos/subir-archivos HTTP/1.1" 200 638 "-" "PostmanRuntime/7.32.3"
::1 - - [23/Aug/2023:23:00:56 +0000] "POST /objectos/subir-archivos HTTP/1.1" 404 52 "-" "PostmanRuntime/7.32.3"
::1 - - [23/Aug/2023:23:01:33 +0000] "POST /objectos/subir-archivos HTTP/1.1" 200 272 "-" "PostmanRuntime/7.32.3"
::1 - - [23/Aug/2023:23:03:15 +0000] "POST /objectos/subir-archivos HTTP/1.1" 200 386 "-" "PostmanRuntime/7.32.3"
::1 - - [23/Aug/2023:23:06:46 +0000] "POST /objectos/subir-archivos HTTP/1.1" 200 830 "-" "PostmanRuntime/7.32.3"
::1 - - [23/Aug/2023:23:26:44 +0000] "POST /objectos/subir-archivos HTTP/1.1" 200 815 "-" "PostmanRuntime/7.32.3"
::1 - - [23/Aug/2023:23:27:21 +0000] "POST /objectos/subir-archivos HTTP/1.1" 200 830 "-" "PostmanRuntime/7.32.3"
::1 - - [23/Aug/2023:23:30:04 +0000] "POST /objectos/subir-archivos HTTP/1.1" 200 816 "-" "PostmanRuntime/7.32.3"
::1 - - [23/Aug/2023:23:32:33 +0000] "POST /objectos/subir-archivos HTTP/1.1" 200 32 "-" "PostmanRuntime/7.32.3"
::1 - - [23/Aug/2023:23:33:37 +0000] "POST /objectos/subir-archivos HTTP/1.1" 200 702 "-" "PostmanRuntime/7.32.3"
::1 - - [23/Aug/2023:23:36:05 +0000] "POST /objectos/subir-archivos HTTP/1.1" 200 3161 "-" "PostmanRuntime/7.32.3"
::1 - - [24/Aug/2023:00:17:11 +0000] "GET /objectos/folder/775f21a8-cf00-4436-bdda-8eefbd82a854 HTTP/1.1" 404 52 "-" "PostmanRuntime/7.32.3"
::1 - - [24/Aug/2023:00:17:33 +0000] "GET /objectos/folder/775f21a8-cf00-4436-bdda-8eefbd82a854 HTTP/1.1" 200 77 "-" "PostmanRuntime/7.32.3"
::1 - - [24/Aug/2023:00:20:02 +0000] "POST /objectos/folder HTTP/1.1" 200 273 "-" "PostmanRuntime/7.32.3"
::1 - - [24/Aug/2023:00:20:47 +0000] "GET /objectos/folder/775f21a8-cf00-4436-bdda-8eefbd82a854 HTTP/1.1" 200 309 "-" "PostmanRuntime/7.32.3"
::1 - - [24/Aug/2023:00:21:05 +0000] "GET /objectos/folder/1e2eb7b6-daf6-4e1a-b8fc-72d5d5fb3d50 HTTP/1.1" 200 302 "-" "PostmanRuntime/7.32.3"
::1 - - [24/Aug/2023:00:21:22 +0000] "GET /objectos/folder/775f21a8-cf00-4436-bdda-8eefbd82a854 HTTP/1.1" 200 309 "-" "PostmanRuntime/7.32.3"
::1 - - [24/Aug/2023:00:21:33 +0000] "GET /objectos/folder/1e2eb7b6-daf6-4e1a-b8fc-72d5d5fb3d50 HTTP/1.1" 200 1447 "-" "PostmanRuntime/7.32.3"
::1 - - [24/Aug/2023:00:22:45 +0000] "GET /objectos/folder/93c175d2-56e0-4b28-8d48-51e28a7357cb HTTP/1.1" 200 77 "-" "PostmanRuntime/7.32.3"
::1 - - [24/Aug/2023:00:23:00 +0000] "POST /objectos/folder HTTP/1.1" 200 273 "-" "PostmanRuntime/7.32.3"
::1 - - [24/Aug/2023:00:26:09 +0000] "POST /objectos/folder HTTP/1.1" 404 52 "-" "PostmanRuntime/7.32.3"
::1 - - [24/Aug/2023:00:26:27 +0000] "POST /objectos/folder HTTP/1.1" 404 52 "-" "PostmanRuntime/7.32.3"
::1 - - [24/Aug/2023:00:27:21 +0000] "POST /objectos/folder HTTP/1.1" 200 273 "-" "PostmanRuntime/7.32.3"
::1 - - [24/Aug/2023:00:27:37 +0000] "POST /objectos/folder HTTP/1.1" 404 52 "-" "PostmanRuntime/7.32.3"
::1 - - [24/Aug/2023:00:27:40 +0000] "POST /objectos/folder HTTP/1.1" 404 52 "-" "PostmanRuntime/7.32.3"
::1 - - [24/Aug/2023:00:27:45 +0000] "POST /objectos/folder HTTP/1.1" 404 52 "-" "PostmanRuntime/7.32.3"
::1 - - [24/Aug/2023:00:27:49 +0000] "POST /objectos/folder HTTP/1.1" 404 52 "-" "PostmanRuntime/7.32.3"
::1 - - [24/Aug/2023:00:28:29 +0000] "POST /objectos/folder HTTP/1.1" 200 310 "-" "PostmanRuntime/7.32.3"
::1 - - [24/Aug/2023:00:28:42 +0000] "POST /objectos/folder HTTP/1.1" 200 310 "-" "PostmanRuntime/7.32.3"
::1 - - [24/Aug/2023:00:28:45 +0000] "POST /objectos/folder HTTP/1.1" 200 310 "-" "PostmanRuntime/7.32.3"
::1 - - [24/Aug/2023:00:28:47 +0000] "POST /objectos/folder HTTP/1.1" 200 310 "-" "PostmanRuntime/7.32.3"
::1 - - [24/Aug/2023:00:29:12 +0000] "POST /objectos/folder HTTP/1.1" 404 52 "-" "PostmanRuntime/7.32.3"
::1 - - [24/Aug/2023:00:29:27 +0000] "POST /objectos/folder HTTP/1.1" 404 52 "-" "PostmanRuntime/7.32.3"
::1 - - [24/Aug/2023:00:29:59 +0000] "GET /objectos/folder/bbeed655-8671-4937-a8b8-8a2dbaf68d71. HTTP/1.1" 404 52 "-" "PostmanRuntime/7.32.3"
::1 - - [24/Aug/2023:00:30:18 +0000] "GET /objectos/folder/1e2eb7b6-daf6-4e1a-b8fc-72d5d5fb3d50 HTTP/1.1" 200 1447 "-" "PostmanRuntime/7.32.3"
::1 - - [24/Aug/2023:00:30:45 +0000] "GET /objectos/folder/34fe3f82-8774-4aff-9b31-a3b43294b65d HTTP/1.1" 200 807 "-" "PostmanRuntime/7.32.3"
::1 - - [24/Aug/2023:00:31:10 +0000] "GET /objectos/folder/9efe4ed4-bf3c-46fe-a7e0-5216f928ed28 HTTP/1.1" 404 52 "-" "PostmanRuntime/7.32.3"
::1 - - [24/Aug/2023:00:33:26 +0000] "POST /objectos/subir-archivos HTTP/1.1" 404 52 "-" "PostmanRuntime/7.32.3"
::1 - - [24/Aug/2023:00:34:00 +0000] "POST /objectos/subir-archivos HTTP/1.1" 200 1434 "-" "PostmanRuntime/7.32.3"
::1 - - [24/Aug/2023:00:34:29 +0000] "POST /objectos/subir-archivos HTTP/1.1" 404 52 "-" "PostmanRuntime/7.32.3"
::1 - - [24/Aug/2023:00:34:38 +0000] "POST /objectos/subir-archivos HTTP/1.1" 404 52 "-" "PostmanRuntime/7.32.3"
::1 - - [24/Aug/2023:00:35:46 +0000] "POST /objectos/subir-archivos HTTP/1.1" 404 52 "-" "PostmanRuntime/7.32.3"
::1 - - [24/Aug/2023:00:35:50 +0000] "POST /objectos/subir-archivos HTTP/1.1" 404 52 "-" "PostmanRuntime/7.32.3"
::1 - - [24/Aug/2023:00:36:29 +0000] "POST /objectos/subir-archivos HTTP/1.1" 200 759 "-" "PostmanRuntime/7.32.3"
::1 - - [24/Aug/2023:00:38:22 +0000] "POST /objectos/archivos HTTP/1.1" 200 770 "-" "PostmanRuntime/7.32.3"
::1 - - [24/Aug/2023:00:38:49 +0000] "POST /objectos/archivos HTTP/1.1" 404 52 "-" "PostmanRuntime/7.32.3"
::1 - - [24/Aug/2023:00:46:11 +0000] "DELETE /objectos/folder/9efe4ed4-bf3c-46fe-a7e0-5216f928ed28 HTTP/1.1" 400 66 "-" "PostmanRuntime/7.32.3"
::1 - - [24/Aug/2023:00:46:33 +0000] "DELETE /objectos/folder/9efe4ed4-bf3c-46fe-a7e0-5216f928ed28 HTTP/1.1" 404 52 "-" "PostmanRuntime/7.32.3"
::1 - - [24/Aug/2023:00:46:44 +0000] "GET /objectos/folder/9efe4ed4-bf3c-46fe-a7e0-5216f928ed28 HTTP/1.1" 404 52 "-" "PostmanRuntime/7.32.3"
::1 - - [24/Aug/2023:00:47:08 +0000] "GET /objectos/folder/1e2eb7b6-daf6-4e1a-b8fc-72d5d5fb3d50 HTTP/1.1" 200 1447 "-" "PostmanRuntime/7.32.3"
::1 - - [24/Aug/2023:00:48:50 +0000] "GET /objectos/folder/eb66c155-f5b5-4a7d-ab19-59ca692c206f HTTP/1.1" 200 1187 "-" "PostmanRuntime/7.32.3"
::1 - - [24/Aug/2023:00:51:59 +0000] "DELETE /objectos/folder/eb66c155-f5b5-4a7d-ab19-59ca692c206f HTTP/1.1" 500 232 "-" "PostmanRuntime/7.32.3"
::1 - - [24/Aug/2023:00:52:54 +0000] "DELETE /objectos/folder/eb66c155-f5b5-4a7d-ab19-59ca692c206f HTTP/1.1" 200 292 "-" "PostmanRuntime/7.32.3"
::1 - - [24/Aug/2023:00:53:04 +0000] "DELETE /objectos/folder/9efe4ed4-bf3c-46fe-a7e0-5216f928ed28 HTTP/1.1" 404 52 "-" "PostmanRuntime/7.32.3"
::1 - - [24/Aug/2023:00:53:07 +0000] "DELETE /objectos/folder/eb66c155-f5b5-4a7d-ab19-59ca692c206f HTTP/1.1" 200 292 "-" "PostmanRuntime/7.32.3"
::1 - - [24/Aug/2023:00:53:32 +0000] "DELETE /objectos/folder/9efe4ed4-bf3c-46fe-a7e0-5216f928ed28 HTTP/1.1" 404 52 "-" "PostmanRuntime/7.32.3"
::1 - - [24/Aug/2023:00:54:22 +0000] "DELETE /objectos/folder/bb2dbb73-5cb6-4b49-b8ce-9918a8ac36be HTTP/1.1" 404 52 "-" "PostmanRuntime/7.32.3"
::1 - - [24/Aug/2023:00:54:49 +0000] "POST /objectos/archivos HTTP/1.1" 200 770 "-" "PostmanRuntime/7.32.3"
::1 - - [24/Aug/2023:00:55:46 +0000] "DELETE /objectos/folder/eb66c155-f5b5-4a7d-ab19-59ca692c206f HTTP/1.1" 200 292 "-" "PostmanRuntime/7.32.3"
::1 - - [24/Aug/2023:00:57:58 +0000] "DELETE /objectos/folder/eb66c155-f5b5-4a7d-ab19-59ca692c206f HTTP/1.1" 200 343 "-" "PostmanRuntime/7.32.3"
::1 - - [24/Aug/2023:01:02:53 +0000] "DELETE /objectos/folder/eb66c155-f5b5-4a7d-ab19-59ca692c206f HTTP/1.1" 200 469 "-" "PostmanRuntime/7.32.3"
::1 - - [24/Aug/2023:01:03:57 +0000] "DELETE /objectos/folder/eb66c155-f5b5-4a7d-ab19-59ca692c206f HTTP/1.1" 200 9299 "-" "PostmanRuntime/7.32.3"
::1 - - [24/Aug/2023:01:09:30 +0000] "DELETE /objectos/folder/1adb8e10-6d58-4a1e-9b79-ecc9b33519e7 HTTP/1.1" 200 2436 "-" "PostmanRuntime/7.32.3"
::1 - - [24/Aug/2023:01:10:19 +0000] "DELETE /objectos/folder/501b2b86-1d37-49e0-8925-b37d4eeed0de HTTP/1.1" 200 1223 "-" "PostmanRuntime/7.32.3"
::1 - - [24/Aug/2023:01:21:13 +0000] "DELETE /objectos/folder/eb66c155-f5b5-4a7d-ab19-59ca692c206f HTTP/1.1" 500 47 "-" "PostmanRuntime/7.32.3"
::1 - - [24/Aug/2023:01:22:14 +0000] "DELETE /objectos/folder/eb66c155-f5b5-4a7d-ab19-59ca692c206f HTTP/1.1" 500 47 "-" "PostmanRuntime/7.32.3"
::1 - - [24/Aug/2023:01:23:03 +0000] "DELETE /objectos/folder/eb66c155-f5b5-4a7d-ab19-59ca692c206f HTTP/1.1" 500 47 "-" "PostmanRuntime/7.32.3"
::1 - - [24/Aug/2023:01:35:59 +0000] "DELETE /objectos/folder/eb66c155-f5b5-4a7d-ab19-59ca692c206f HTTP/1.1" 500 47 "-" "PostmanRuntime/7.32.3"
::1 - - [24/Aug/2023:01:39:38 +0000] "DELETE /objectos/folder/eb66c155-f5b5-4a7d-ab19-59ca692c206f HTTP/1.1" 200 9343 "-" "PostmanRuntime/7.32.3"
::1 - - [24/Aug/2023:01:42:11 +0000] "DELETE /objectos/folder/9b8b8fb7-29b8-4245-9ded-7f2511a9c260 HTTP/1.1" 500 47 "-" "PostmanRuntime/7.32.3"
::1 - - [24/Aug/2023:01:43:04 +0000] "DELETE /objectos/folder/9b8b8fb7-29b8-4245-9ded-7f2511a9c260 HTTP/1.1" 200 11884 "-" "PostmanRuntime/7.32.3"
::1 - - [24/Aug/2023:01:45:39 +0000] "DELETE /objectos/folder/5cb247ce-5652-452d-b124-6b7a23bd21e9 HTTP/1.1" 500 47 "-" "PostmanRuntime/7.32.3"
::1 - - [24/Aug/2023:01:46:13 +0000] "DELETE /objectos/folder/5cb247ce-5652-452d-b124-6b7a23bd21e9 HTTP/1.1" 500 47 "-" "PostmanRuntime/7.32.3"
::1 - - [24/Aug/2023:01:46:23 +0000] "DELETE /objectos/folder/5cb247ce-5652-452d-b124-6b7a23bd21e9 HTTP/1.1" 500 47 "-" "PostmanRuntime/7.32.3"
::1 - - [24/Aug/2023:01:46:29 +0000] "DELETE /objectos/folder/5cb247ce-5652-452d-b124-6b7a23bd21e9 HTTP/1.1" 200 30049 "-" "PostmanRuntime/7.32.3"
::1 - - [24/Aug/2023:01:52:49 +0000] "POST /objectos/folder HTTP/1.1" 200 162 "-" "PostmanRuntime/7.32.3"
::1 - - [24/Aug/2023:01:52:53 +0000] "POST /objectos/folder HTTP/1.1" 200 162 "-" "PostmanRuntime/7.32.3"
::1 - - [24/Aug/2023:01:52:59 +0000] "POST /objectos/folder HTTP/1.1" 200 162 "-" "PostmanRuntime/7.32.3"
::1 - - [24/Aug/2023:01:53:27 +0000] "POST /objectos/folder HTTP/1.1" 200 199 "-" "PostmanRuntime/7.32.3"
::1 - - [24/Aug/2023:01:53:31 +0000] "POST /objectos/folder HTTP/1.1" 200 199 "-" "PostmanRuntime/7.32.3"
::1 - - [24/Aug/2023:01:54:03 +0000] "POST /objectos/folder HTTP/1.1" 200 199 "-" "PostmanRuntime/7.32.3"
::1 - - [24/Aug/2023:01:54:09 +0000] "POST /objectos/folder HTTP/1.1" 200 199 "-" "PostmanRuntime/7.32.3"
::1 - - [24/Aug/2023:01:54:14 +0000] "POST /objectos/folder HTTP/1.1" 200 199 "-" "PostmanRuntime/7.32.3"
::1 - - [24/Aug/2023:01:54:45 +0000] "POST /objectos/folder HTTP/1.1" 200 199 "-" "PostmanRuntime/7.32.3"
::1 - - [24/Aug/2023:01:54:53 +0000] "POST /objectos/folder HTTP/1.1" 200 199 "-" "PostmanRuntime/7.32.3"
::1 - - [24/Aug/2023:01:54:56 +0000] "POST /objectos/folder HTTP/1.1" 200 199 "-" "PostmanRuntime/7.32.3"
::1 - - [24/Aug/2023:01:55:00 +0000] "POST /objectos/folder HTTP/1.1" 200 199 "-" "PostmanRuntime/7.32.3"
::1 - - [24/Aug/2023:01:55:03 +0000] "POST /objectos/folder HTTP/1.1" 200 199 "-" "PostmanRuntime/7.32.3"
::1 - - [24/Aug/2023:01:55:40 +0000] "POST /objectos/folder HTTP/1.1" 200 236 "-" "PostmanRuntime/7.32.3"
::1 - - [24/Aug/2023:01:55:46 +0000] "POST /objectos/folder HTTP/1.1" 200 236 "-" "PostmanRuntime/7.32.3"
::1 - - [24/Aug/2023:01:55:49 +0000] "POST /objectos/folder HTTP/1.1" 200 236 "-" "PostmanRuntime/7.32.3"
::1 - - [24/Aug/2023:01:56:17 +0000] "POST /objectos/folder HTTP/1.1" 200 273 "-" "PostmanRuntime/7.32.3"
::1 - - [24/Aug/2023:01:56:20 +0000] "POST /objectos/folder HTTP/1.1" 200 273 "-" "PostmanRuntime/7.32.3"
::1 - - [24/Aug/2023:01:57:27 +0000] "POST /objectos/archivos HTTP/1.1" 200 32 "-" "PostmanRuntime/7.32.3"
::1 - - [24/Aug/2023:02:00:35 +0000] "POST /objectos/archivos HTTP/1.1" 200 823 "-" "PostmanRuntime/7.32.3"
::1 - - [24/Aug/2023:02:00:56 +0000] "POST /objectos/archivos HTTP/1.1" 200 1617 "-" "PostmanRuntime/7.32.3"
::1 - - [24/Aug/2023:02:01:20 +0000] "POST /objectos/archivos HTTP/1.1" 200 32 "-" "PostmanRuntime/7.32.3"
::1 - - [24/Aug/2023:02:02:11 +0000] "POST /objectos/archivos HTTP/1.1" 200 4896 "-" "PostmanRuntime/7.32.3"
::1 - - [24/Aug/2023:02:02:54 +0000] "DELETE /objectos/folder/65b7c56f-c7a2-447d-8d0f-e457e243af74 HTTP/1.1" 500 47 "-" "PostmanRuntime/7.32.3"
::1 - - [24/Aug/2023:02:04:59 +0000] "DELETE /objectos/folder/65b7c56f-c7a2-447d-8d0f-e457e243af74 HTTP/1.1" 200 9409 "-" "PostmanRuntime/7.32.3"
::1 - - [24/Aug/2023:02:05:50 +0000] "POST /objectos/folder HTTP/1.1" 200 236 "-" "PostmanRuntime/7.32.3"
::1 - - [24/Aug/2023:02:06:16 +0000] "POST /objectos/folder HTTP/1.1" 200 273 "-" "PostmanRuntime/7.32.3"
::1 - - [24/Aug/2023:02:06:20 +0000] "POST /objectos/folder HTTP/1.1" 200 273 "-" "PostmanRuntime/7.32.3"
::1 - - [24/Aug/2023:02:06:54 +0000] "POST /objectos/archivos HTTP/1.1" 200 4896 "-" "PostmanRuntime/7.32.3"
::1 - - [24/Aug/2023:02:07:41 +0000] "DELETE /objectos/folder/a4a7bb25-4f78-4c0e-bbfb-869c15476f40 HTTP/1.1" 500 47 "-" "PostmanRuntime/7.32.3"
::1 - - [24/Aug/2023:02:08:12 +0000] "DELETE /objectos/folder/a4a7bb25-4f78-4c0e-bbfb-869c15476f40 HTTP/1.1" 200 7190 "-" "PostmanRuntime/7.32.3"
::1 - - [24/Aug/2023:02:09:31 +0000] "POST /objectos/folder HTTP/1.1" 200 236 "-" "PostmanRuntime/7.32.3"
::1 - - [24/Aug/2023:02:09:52 +0000] "POST /objectos/folder HTTP/1.1" 200 273 "-" "PostmanRuntime/7.32.3"
::1 - - [24/Aug/2023:02:09:55 +0000] "POST /objectos/folder HTTP/1.1" 200 273 "-" "PostmanRuntime/7.32.3"
::1 - - [24/Aug/2023:02:10:41 +0000] "POST /objectos/archivos HTTP/1.1" 200 4896 "-" "PostmanRuntime/7.32.3"
::1 - - [24/Aug/2023:02:11:25 +0000] "DELETE /objectos/folder/b602843b-0ada-4ee3-974f-eb835480de08 HTTP/1.1" 500 47 "-" "PostmanRuntime/7.32.3"
::1 - - [24/Aug/2023:02:13:19 +0000] "POST /objectos/folder HTTP/1.1" 200 273 "-" "PostmanRuntime/7.32.3"
::1 - - [24/Aug/2023:02:13:23 +0000] "POST /objectos/folder HTTP/1.1" 200 273 "-" "PostmanRuntime/7.32.3"
::1 - - [24/Aug/2023:02:13:45 +0000] "DELETE /objectos/folder/b602843b-0ada-4ee3-974f-eb835480de08 HTTP/1.1" 500 47 "-" "PostmanRuntime/7.32.3"
::1 - - [24/Aug/2023:02:18:58 +0000] "POST /objectos/folder HTTP/1.1" 200 273 "-" "PostmanRuntime/7.32.3"
::1 - - [24/Aug/2023:02:19:02 +0000] "POST /objectos/folder HTTP/1.1" 200 273 "-" "PostmanRuntime/7.32.3"
::1 - - [24/Aug/2023:02:19:31 +0000] "DELETE /objectos/folder/b602843b-0ada-4ee3-974f-eb835480de08 HTTP/1.1" 500 47 "-" "PostmanRuntime/7.32.3"
::1 - - [24/Aug/2023:02:20:43 +0000] "DELETE /objectos/folder/b602843b-0ada-4ee3-974f-eb835480de08 HTTP/1.1" 500 47 "-" "PostmanRuntime/7.32.3"
::1 - - [24/Aug/2023:02:21:10 +0000] "DELETE /objectos/folder/b602843b-0ada-4ee3-974f-eb835480de08 HTTP/1.1" 500 47 "-" "PostmanRuntime/7.32.3"
::1 - - [24/Aug/2023:02:23:23 +0000] "DELETE /objectos/folder/b602843b-0ada-4ee3-974f-eb835480de08 HTTP/1.1" 500 47 "-" "PostmanRuntime/7.32.3"
::1 - - [24/Aug/2023:02:25:17 +0000] "DELETE /objectos/folder/b602843b-0ada-4ee3-974f-eb835480de08 HTTP/1.1" 500 47 "-" "PostmanRuntime/7.32.3"
::1 - - [24/Aug/2023:02:28:00 +0000] "DELETE /objectos/folder/b602843b-0ada-4ee3-974f-eb835480de08 HTTP/1.1" 500 47 "-" "PostmanRuntime/7.32.3"
::1 - - [24/Aug/2023:02:29:16 +0000] "DELETE /objectos/folder/b602843b-0ada-4ee3-974f-eb835480de08 HTTP/1.1" 500 47 "-" "PostmanRuntime/7.32.3"
::1 - - [24/Aug/2023:02:30:18 +0000] "DELETE /objectos/folder/b602843b-0ada-4ee3-974f-eb835480de08 HTTP/1.1" 500 47 "-" "PostmanRuntime/7.32.3"
::1 - - [24/Aug/2023:02:31:34 +0000] "DELETE /objectos/folder/b602843b-0ada-4ee3-974f-eb835480de08 HTTP/1.1" 200 1160 "-" "PostmanRuntime/7.32.3"
::1 - - [24/Aug/2023:02:31:52 +0000] "DELETE /objectos/folder/b602843b-0ada-4ee3-974f-eb835480de08 HTTP/1.1" 200 1160 "-" "PostmanRuntime/7.32.3"
::1 - - [24/Aug/2023:02:32:28 +0000] "DELETE /objectos/folder/b602843b-0ada-4ee3-974f-eb835480de08 HTTP/1.1" 200 1160 "-" "PostmanRuntime/7.32.3"
::1 - - [24/Aug/2023:02:32:48 +0000] "DELETE /objectos/folder/b602843b-0ada-4ee3-974f-eb835480de08 HTTP/1.1" 500 47 "-" "PostmanRuntime/7.32.3"
::1 - - [24/Aug/2023:02:33:16 +0000] "DELETE /objectos/folder/b602843b-0ada-4ee3-974f-eb835480de08 HTTP/1.1" 200 1160 "-" "PostmanRuntime/7.32.3"
::1 - - [24/Aug/2023:02:33:40 +0000] "DELETE /objectos/folder/b602843b-0ada-4ee3-974f-eb835480de08 HTTP/1.1" 500 47 "-" "PostmanRuntime/7.32.3"
::1 - - [24/Aug/2023:02:41:44 +0000] "DELETE /objectos/folder/b602843b-0ada-4ee3-974f-eb835480de08 HTTP/1.1" 500 47 "-" "PostmanRuntime/7.32.3"
::1 - - [24/Aug/2023:02:42:41 +0000] "DELETE /objectos/folder/b602843b-0ada-4ee3-974f-eb835480de08 HTTP/1.1" 500 47 "-" "PostmanRuntime/7.32.3"
::1 - - [24/Aug/2023:02:43:32 +0000] "DELETE /objectos/folder/b602843b-0ada-4ee3-974f-eb835480de08 HTTP/1.1" 500 47 "-" "PostmanRuntime/7.32.3"
::1 - - [24/Aug/2023:02:45:58 +0000] "DELETE /objectos/folder/b602843b-0ada-4ee3-974f-eb835480de08 HTTP/1.1" 500 47 "-" "PostmanRuntime/7.32.3"
::1 - - [24/Aug/2023:02:46:29 +0000] "DELETE /objectos/folder/b602843b-0ada-4ee3-974f-eb835480de08 HTTP/1.1" 500 47 "-" "PostmanRuntime/7.32.3"
::1 - - [24/Aug/2023:02:47:04 +0000] "DELETE /objectos/folder/b602843b-0ada-4ee3-974f-eb835480de08 HTTP/1.1" 500 47 "-" "PostmanRuntime/7.32.3"
::1 - - [24/Aug/2023:02:49:26 +0000] "DELETE /objectos/folder/b602843b-0ada-4ee3-974f-eb835480de08 HTTP/1.1" 500 47 "-" "PostmanRuntime/7.32.3"
::1 - - [24/Aug/2023:02:50:59 +0000] "DELETE /objectos/folder/b602843b-0ada-4ee3-974f-eb835480de08 HTTP/1.1" 500 47 "-" "PostmanRuntime/7.32.3"
::1 - - [24/Aug/2023:02:52:47 +0000] "DELETE /objectos/folder/b602843b-0ada-4ee3-974f-eb835480de08 HTTP/1.1" 500 47 "-" "PostmanRuntime/7.32.3"
::1 - - [24/Aug/2023:02:55:09 +0000] "DELETE /objectos/folder/b602843b-0ada-4ee3-974f-eb835480de08 HTTP/1.1" 500 47 "-" "PostmanRuntime/7.32.3"
::1 - - [24/Aug/2023:02:58:07 +0000] "DELETE /objectos/folder/b602843b-0ada-4ee3-974f-eb835480de08 HTTP/1.1" 200 1149 "-" "PostmanRuntime/7.32.3"
::1 - - [24/Aug/2023:02:59:29 +0000] "DELETE /objectos/folder/b602843b-0ada-4ee3-974f-eb835480de08 HTTP/1.1" 200 1149 "-" "PostmanRuntime/7.32.3"
::1 - - [24/Aug/2023:03:00:25 +0000] "DELETE /objectos/folder/b602843b-0ada-4ee3-974f-eb835480de08 HTTP/1.1" 200 1149 "-" "PostmanRuntime/7.32.3"
::1 - - [24/Aug/2023:03:01:14 +0000] "DELETE /objectos/folder/b602843b-0ada-4ee3-974f-eb835480de08 HTTP/1.1" 200 1149 "-" "PostmanRuntime/7.32.3"
::1 - - [24/Aug/2023:03:03:09 +0000] "DELETE /objectos/folder/b602843b-0ada-4ee3-974f-eb835480de08 HTTP/1.1" - - "-" "PostmanRuntime/7.32.3"
::1 - - [24/Aug/2023:03:11:17 +0000] "DELETE /objectos/folder/b602843b-0ada-4ee3-974f-eb835480de08 HTTP/1.1" 500 47 "-" "PostmanRuntime/7.32.3"
::1 - - [24/Aug/2023:03:16:21 +0000] "DELETE /objectos/folder/b602843b-0ada-4ee3-974f-eb835480de08 HTTP/1.1" 500 47 "-" "PostmanRuntime/7.32.3"
::1 - - [24/Aug/2023:03:20:32 +0000] "DELETE /objectos/folder/b602843b-0ada-4ee3-974f-eb835480de08 HTTP/1.1" 500 47 "-" "PostmanRuntime/7.32.3"
::1 - - [24/Aug/2023:03:21:09 +0000] "DELETE /objectos/folder/b602843b-0ada-4ee3-974f-eb835480de08 HTTP/1.1" 500 47 "-" "PostmanRuntime/7.32.3"
::1 - - [24/Aug/2023:03:22:32 +0000] "DELETE /objectos/folder/b602843b-0ada-4ee3-974f-eb835480de08 HTTP/1.1" 200 1149 "-" "PostmanRuntime/7.32.3"
::1 - - [24/Aug/2023:03:27:32 +0000] "DELETE /objectos/folder/b602843b-0ada-4ee3-974f-eb835480de08 HTTP/1.1" 200 1149 "-" "PostmanRuntime/7.32.3"
::1 - - [24/Aug/2023:18:04:48 +0000] "DELETE /objectos/folder/b602843b-0ada-4ee3-974f-eb835480de08 HTTP/1.1" 200 1149 "-" "PostmanRuntime/7.32.3"
::1 - - [24/Aug/2023:18:09:05 +0000] "DELETE /objectos/folder/b602843b-0ada-4ee3-974f-eb835480de08%20-%20copia%20copy HTTP/1.1" 404 52 "-" "PostmanRuntime/7.32.3"
::1 - - [24/Aug/2023:18:16:44 +0000] "DELETE /objectos/folder/b602843b-0ada-4ee3-974f-eb835480de08 HTTP/1.1" 200 1149 "-" "PostmanRuntime/7.32.3"
::1 - - [24/Aug/2023:18:31:40 +0000] "POST /objectos/folder HTTP/1.1" 200 273 "-" "PostmanRuntime/7.32.3"
::1 - - [24/Aug/2023:18:31:46 +0000] "POST /objectos/folder HTTP/1.1" 200 273 "-" "PostmanRuntime/7.32.3"
::1 - - [24/Aug/2023:18:32:01 +0000] "POST /objectos/folder HTTP/1.1" 200 310 "-" "PostmanRuntime/7.32.3"
::1 - - [24/Aug/2023:18:32:07 +0000] "POST /objectos/folder HTTP/1.1" 200 310 "-" "PostmanRuntime/7.32.3"
::1 - - [24/Aug/2023:18:32:11 +0000] "POST /objectos/folder HTTP/1.1" 200 310 "-" "PostmanRuntime/7.32.3"
::1 - - [24/Aug/2023:18:32:35 +0000] "POST /objectos/folder HTTP/1.1" 200 310 "-" "PostmanRuntime/7.32.3"
::1 - - [24/Aug/2023:18:32:38 +0000] "POST /objectos/folder HTTP/1.1" 200 310 "-" "PostmanRuntime/7.32.3"
::1 - - [24/Aug/2023:18:33:35 +0000] "POST /objectos/archivos HTTP/1.1" 200 5225 "-" "PostmanRuntime/7.32.3"
::1 - - [24/Aug/2023:18:34:11 +0000] "POST /objectos/archivos HTTP/1.1" 200 1649 "-" "PostmanRuntime/7.32.3"
::1 - - [24/Aug/2023:18:34:41 +0000] "POST /objectos/archivos HTTP/1.1" 200 1641 "-" "PostmanRuntime/7.32.3"
::1 - - [24/Aug/2023:18:36:58 +0000] "DELETE /objectos/folder/b602843b-0ada-4ee3-974f-eb835480de08 HTTP/1.1" 200 13947 "-" "PostmanRuntime/7.32.3"
::1 - - [24/Aug/2023:18:46:15 +0000] "DELETE /objectos/folder/b602843b-0ada-4ee3-974f-eb835480de08 HTTP/1.1" 200 530 "-" "PostmanRuntime/7.32.3"
::1 - - [24/Aug/2023:19:09:12 +0000] "POST /auth/usuario HTTP/1.1" 500 96 "-" "PostmanRuntime/7.32.3"
::1 - - [24/Aug/2023:19:10:07 +0000] "POST /auth/usuario HTTP/1.1" 200 98 "-" "PostmanRuntime/7.32.3"
::1 - - [24/Aug/2023:19:10:31 +0000] "POST /auth/usuario HTTP/1.1" 200 98 "-" "PostmanRuntime/7.32.3"
::1 - - [24/Aug/2023:19:11:03 +0000] "GET /auth/usuario-confirmar/irs1r5hmOw HTTP/1.1" 200 44 "-" "PostmanRuntime/7.32.3"
::1 - - [24/Aug/2023:19:11:12 +0000] "GET /auth/usuario-confirmar/lozg+T1vih HTTP/1.1" 500 47 "-" "PostmanRuntime/7.32.3"
::1 - - [24/Aug/2023:19:11:36 +0000] "GET /auth/usuario-confirmar/lozg+T1vih HTTP/1.1" 500 47 "-" "PostmanRuntime/7.32.3"
::1 - - [24/Aug/2023:19:12:46 +0000] "GET /auth/usuario-confirmar/lozg+T1vih HTTP/1.1" 500 47 "-" "PostmanRuntime/7.32.3"
::1 - - [24/Aug/2023:19:15:00 +0000] "GET /auth/usuario-confirmar/lozg+T1vih HTTP/1.1" 500 47 "-" "PostmanRuntime/7.32.3"
::1 - - [24/Aug/2023:19:15:40 +0000] "GET /auth/usuario-confirmar/lozg+T1vih HTTP/1.1" 200 44 "-" "PostmanRuntime/7.32.3"
::1 - - [24/Aug/2023:19:15:57 +0000] "POST /auth/usuario HTTP/1.1" 200 98 "-" "PostmanRuntime/7.32.3"
::1 - - [24/Aug/2023:19:16:27 +0000] "GET /auth/usuario-confirmar/WHiroM*Mro HTTP/1.1" 200 44 "-" "PostmanRuntime/7.32.3"
::1 - - [24/Aug/2023:19:18:37 +0000] "POST /auth/usuario HTTP/1.1" 200 98 "-" "PostmanRuntime/7.32.3"
::1 - - [24/Aug/2023:19:18:42 +0000] "POST /auth/usuario HTTP/1.1" 200 98 "-" "PostmanRuntime/7.32.3"
::1 - - [24/Aug/2023:19:18:46 +0000] "POST /auth/usuario HTTP/1.1" 200 98 "-" "PostmanRuntime/7.32.3"
::1 - - [24/Aug/2023:19:19:24 +0000] "GET /auth/usuario-confirmar/73SLmGtV2D HTTP/1.1" 200 44 "-" "PostmanRuntime/7.32.3"
::1 - - [24/Aug/2023:19:20:01 +0000] "GET /auth/usuario-confirmar/73SLmGtV2D HTTP/1.1" 400 41 "-" "PostmanRuntime/7.32.3"
::1 - - [24/Aug/2023:19:20:20 +0000] "GET /auth/usuario-confirmar/73SLmGtV2D HTTP/1.1" 400 41 "-" "PostmanRuntime/7.32.3"
::1 - - [24/Aug/2023:19:21:08 +0000] "GET /auth/usuario-confirmar/73SLmGtV2D HTTP/1.1" 200 44 "-" "PostmanRuntime/7.32.3"
::1 - - [24/Aug/2023:19:21:37 +0000] "GET /auth/usuario-confirmar/73SLmGtV2D HTTP/1.1" 200 44 "-" "PostmanRuntime/7.32.3"
::1 - - [24/Aug/2023:19:21:50 +0000] "GET /auth/usuario-confirmar/PCXmdaJZi6 HTTP/1.1" 200 44 "-" "PostmanRuntime/7.32.3"
::1 - - [24/Aug/2023:19:21:56 +0000] "GET /auth/usuario-confirmar/PCXmdaJZi6 HTTP/1.1" 400 41 "-" "PostmanRuntime/7.32.3"
::1 - - [24/Aug/2023:19:22:04 +0000] "GET /auth/usuario-confirmar/YejsW+0NBu HTTP/1.1" 200 44 "-" "PostmanRuntime/7.32.3"
::1 - - [24/Aug/2023:19:22:32 +0000] "POST /auth/usuario/iniciar-sesion HTTP/1.1" 200 286 "-" "PostmanRuntime/7.32.3"
::1 - - [24/Aug/2023:19:23:15 +0000] "POST /auth/usuario/iniciar-sesion HTTP/1.1" 200 286 "-" "PostmanRuntime/7.32.3"
::1 - - [24/Aug/2023:19:23:57 +0000] "POST /objectos/folder HTTP/1.1" 404 52 "-" "PostmanRuntime/7.32.3"
::1 - - [24/Aug/2023:19:24:06 +0000] "POST /objectos/folder HTTP/1.1" 200 162 "-" "PostmanRuntime/7.32.3"
::1 - - [24/Aug/2023:19:24:14 +0000] "POST /objectos/folder HTTP/1.1" 404 52 "-" "PostmanRuntime/7.32.3"
::1 - - [24/Aug/2023:19:24:21 +0000] "POST /objectos/folder HTTP/1.1" 404 52 "-" "PostmanRuntime/7.32.3"
::1 - - [24/Aug/2023:19:24:40 +0000] "POST /objectos/folder HTTP/1.1" 404 52 "-" "PostmanRuntime/7.32.3"
::1 - - [24/Aug/2023:19:25:08 +0000] "POST /objectos/folder HTTP/1.1" 200 162 "-" "PostmanRuntime/7.32.3"
::1 - - [24/Aug/2023:19:25:25 +0000] "POST /objectos/folder HTTP/1.1" 200 162 "-" "PostmanRuntime/7.32.3"
::1 - - [24/Aug/2023:19:25:38 +0000] "POST /objectos/folder HTTP/1.1" 404 52 "-" "PostmanRuntime/7.32.3"
::1 - - [24/Aug/2023:19:26:06 +0000] "POST /objectos/folder HTTP/1.1" 200 199 "-" "PostmanRuntime/7.32.3"
::1 - - [24/Aug/2023:19:26:12 +0000] "POST /objectos/folder HTTP/1.1" 200 199 "-" "PostmanRuntime/7.32.3"
::1 - - [24/Aug/2023:19:26:18 +0000] "POST /objectos/folder HTTP/1.1" 200 199 "-" "PostmanRuntime/7.32.3"
::1 - - [24/Aug/2023:19:26:38 +0000] "POST /objectos/folder HTTP/1.1" 200 236 "-" "PostmanRuntime/7.32.3"
::1 - - [24/Aug/2023:19:26:41 +0000] "POST /objectos/folder HTTP/1.1" 200 236 "-" "PostmanRuntime/7.32.3"
::1 - - [24/Aug/2023:19:26:52 +0000] "POST /objectos/folder HTTP/1.1" 200 273 "-" "PostmanRuntime/7.32.3"
::1 - - [24/Aug/2023:19:26:56 +0000] "POST /objectos/folder HTTP/1.1" 200 273 "-" "PostmanRuntime/7.32.3"
::1 - - [24/Aug/2023:19:27:08 +0000] "POST /objectos/folder HTTP/1.1" 200 310 "-" "PostmanRuntime/7.32.3"
::1 - - [24/Aug/2023:19:28:34 +0000] "GET /objectos/folder/148442ce-21b7-468c-b71a-9ed5b9d7b92f HTTP/1.1" 200 748 "-" "PostmanRuntime/7.32.3"
::1 - - [24/Aug/2023:19:28:56 +0000] "GET /objectos/folder/61e91423-62c1-49d3-be2c-cd6c6bab213b HTTP/1.1" 200 77 "-" "PostmanRuntime/7.32.3"
::1 - - [24/Aug/2023:19:29:03 +0000] "POST /objectos/archivos HTTP/1.1" 200 1637 "-" "PostmanRuntime/7.32.3"
::1 - - [24/Aug/2023:19:29:06 +0000] "GET /objectos/folder/61e91423-62c1-49d3-be2c-cd6c6bab213b HTTP/1.1" 200 722 "-" "PostmanRuntime/7.32.3"
::1 - - [24/Aug/2023:19:29:34 +0000] "POST /objectos/folder HTTP/1.1" 404 52 "-" "PostmanRuntime/7.32.3"
::1 - - [24/Aug/2023:19:30:57 +0000] "DELETE /objectos/folder/148442ce-21b7-468c-b71a-9ed5b9d7b92f HTTP/1.1" 500 47 "-" "PostmanRuntime/7.32.3"
::1 - - [24/Aug/2023:19:31:33 +0000] "DELETE /objectos/folder/148442ce-21b7-468c-b71a-9ed5b9d7b92f HTTP/1.1" 500 47 "-" "PostmanRuntime/7.32.3"
::1 - - [24/Aug/2023:19:31:54 +0000] "DELETE /objectos/folder/148442ce-21b7-468c-b71a-9ed5b9d7b92f HTTP/1.1" 200 437 "-" "PostmanRuntime/7.32.3"
::1 - - [25/Aug/2023:04:02:31 +0000] "POST /objectos/folder HTTP/1.1" 404 52 "-" "PostmanRuntime/7.32.3"
::1 - - [25/Aug/2023:04:05:34 +0000] "POST /objectos/folder HTTP/1.1" 200 162 "-" "PostmanRuntime/7.32.3"
::1 - - [25/Aug/2023:04:06:19 +0000] "POST /objectos/folder HTTP/1.1" 200 199 "-" "PostmanRuntime/7.32.3"
::1 - - [25/Aug/2023:04:06:27 +0000] "POST /objectos/folder HTTP/1.1" 200 199 "-" "PostmanRuntime/7.32.3"
::1 - - [25/Aug/2023:04:06:48 +0000] "POST /objectos/folder HTTP/1.1" 200 236 "-" "PostmanRuntime/7.32.3"
::1 - - [25/Aug/2023:04:07:23 +0000] "POST /objectos/archivos HTTP/1.1" 200 1497 "-" "PostmanRuntime/7.32.3"
::1 - - [25/Aug/2023:04:07:45 +0000] "POST /objectos/archivos HTTP/1.1" 200 1497 "-" "PostmanRuntime/7.32.3"
::1 - - [25/Aug/2023:04:08:08 +0000] "GET /objectos/folder/3c4b7ae0-6a72-4b74-b535-e7a3c1ce8eae HTTP/1.1" 200 688 "-" "PostmanRuntime/7.32.3"
::1 - - [25/Aug/2023:04:10:32 +0000] "DELETE /objectos/folder/ff8bb2b5-afbf-4214-8c02-89f24faa3af8 HTTP/1.1" 200 438 "-" "PostmanRuntime/7.32.3"
::1 - - [25/Aug/2023:04:34:39 +0000] "POST /objectos/archivos HTTP/1.1" 200 1405 "-" "PostmanRuntime/7.32.3"
::1 - - [25/Aug/2023:04:35:55 +0000] "GET /objectos/folder/ff8bb2b5-afbf-4214-8c02-89f24faa3af8 HTTP/1.1" 404 52 "-" "PostmanRuntime/7.32.3"
::1 - - [25/Aug/2023:04:36:15 +0000] "GET /objectos/folder/5042653f-7b45-4d72-91cd-6c839036276f HTTP/1.1" 200 670 "-" "PostmanRuntime/7.32.3"
::1 - - [25/Aug/2023:04:36:21 +0000] "DELETE /objectos/folder/ff8bb2b5-afbf-4214-8c02-89f24faa3af8 HTTP/1.1" 404 52 "-" "PostmanRuntime/7.32.3"
::1 - - [25/Aug/2023:04:36:38 +0000] "DELETE /objectos/folder/5042653f-7b45-4d72-91cd-6c839036276f HTTP/1.1" 200 594 "-" "PostmanRuntime/7.32.3"
::1 - - [25/Aug/2023:04:41:39 +0000] "DELETE /objectos/folder/5042653f-7b45-4d72-91cd-6c839036276f HTTP/1.1" 200 700 "-" "PostmanRuntime/7.32.3"
::1 - - [25/Aug/2023:04:43:52 +0000] "DELETE /objectos/folder/5042653f-7b45-4d72-91cd-6c839036276f HTTP/1.1" 200 858 "-" "PostmanRuntime/7.32.3"
::1 - - [25/Aug/2023:04:45:28 +0000] "DELETE /objectos/folder/5042653f-7b45-4d72-91cd-6c839036276f HTTP/1.1" 200 858 "-" "PostmanRuntime/7.32.3"
::1 - - [25/Aug/2023:04:47:11 +0000] "DELETE /objectos/folder/5042653f-7b45-4d72-91cd-6c839036276f HTTP/1.1" 200 714 "-" "PostmanRuntime/7.32.3"
::1 - - [25/Aug/2023:04:49:25 +0000] "DELETE /objectos/folder/5042653f-7b45-4d72-91cd-6c839036276f HTTP/1.1" 200 714 "-" "PostmanRuntime/7.32.3"
::1 - - [25/Aug/2023:04:50:28 +0000] "DELETE /objectos/folder/5042653f-7b45-4d72-91cd-6c839036276f HTTP/1.1" 200 1290 "-" "PostmanRuntime/7.32.3"
::1 - - [25/Aug/2023:04:52:45 +0000] "DELETE /objectos/folder/5042653f-7b45-4d72-91cd-6c839036276f HTTP/1.1" 200 1344 "-" "PostmanRuntime/7.32.3"
::1 - - [25/Aug/2023:04:54:38 +0000] "DELETE /objectos/folder/5042653f-7b45-4d72-91cd-6c839036276f HTTP/1.1" 200 1422 "-" "PostmanRuntime/7.32.3"
::1 - - [25/Aug/2023:05:01:44 +0000] "DELETE /objectos/folder/5042653f-7b45-4d72-91cd-6c839036276f HTTP/1.1" 200 1422 "-" "PostmanRuntime/7.32.3"
::1 - - [25/Aug/2023:16:43:21 +0000] "DELETE /objectos/folder/5042653f-7b45-4d72-91cd-6c839036276f HTTP/1.1" 200 1422 "-" "PostmanRuntime/7.32.3"
::1 - - [25/Aug/2023:16:46:43 +0000] "DELETE /objectos/folder/5042653f-7b45-4d72-91cd-6c839036276f HTTP/1.1" 200 952 "-" "PostmanRuntime/7.32.3"
::1 - - [25/Aug/2023:16:50:35 +0000] "DELETE /objectos/folder/5042653f-7b45-4d72-91cd-6c839036276f HTTP/1.1" 200 952 "-" "PostmanRuntime/7.32.3"
::1 - - [25/Aug/2023:16:51:20 +0000] "DELETE /objectos/folder/5042653f-7b45-4d72-91cd-6c839036276f HTTP/1.1" 200 952 "-" "PostmanRuntime/7.32.3"
::1 - - [25/Aug/2023:16:52:25 +0000] "DELETE /objectos/folder/5042653f-7b45-4d72-91cd-6c839036276f HTTP/1.1" 200 952 "-" "PostmanRuntime/7.32.3"
::1 - - [25/Aug/2023:16:53:11 +0000] "DELETE /objectos/folder/5042653f-7b45-4d72-91cd-6c839036276f HTTP/1.1" 200 952 "-" "PostmanRuntime/7.32.3"
::1 - - [25/Aug/2023:16:53:47 +0000] "DELETE /objectos/folder/5042653f-7b45-4d72-91cd-6c839036276f HTTP/1.1" 200 952 "-" "PostmanRuntime/7.32.3"
::1 - - [25/Aug/2023:16:54:07 +0000] "DELETE /objectos/folder/5042653f-7b45-4d72-91cd-6c839036276f HTTP/1.1" 200 952 "-" "PostmanRuntime/7.32.3"
::1 - - [25/Aug/2023:16:56:10 +0000] "DELETE /objectos/folder/5042653f-7b45-4d72-91cd-6c839036276f HTTP/1.1" 200 952 "-" "PostmanRuntime/7.32.3"
::1 - - [25/Aug/2023:16:56:38 +0000] "DELETE /objectos/folder/5042653f-7b45-4d72-91cd-6c839036276f HTTP/1.1" 200 1422 "-" "PostmanRuntime/7.32.3"
::1 - - [25/Aug/2023:17:06:14 +0000] "DELETE /objectos/folder/5042653f-7b45-4d72-91cd-6c839036276f HTTP/1.1" 200 60 "-" "PostmanRuntime/7.32.3"
::1 - - [25/Aug/2023:17:07:13 +0000] "DELETE /objectos/folder/5042653f-7b45-4d72-91cd-6c839036276f HTTP/1.1" 404 52 "-" "PostmanRuntime/7.32.3"
::1 - - [25/Aug/2023:17:07:53 +0000] "DELETE /objectos/folder/ff8bb2b5-afbf-4214-8c02-89f24faa3af8 HTTP/1.1" 404 52 "-" "PostmanRuntime/7.32.3"
::1 - - [25/Aug/2023:17:22:20 +0000] "POST /objectos/archivos HTTP/1.1" 200 1405 "-" "PostmanRuntime/7.32.3"
::1 - - [25/Aug/2023:17:22:58 +0000] "POST /objectos/folder HTTP/1.1" 200 199 "-" "PostmanRuntime/7.32.3"
::1 - - [25/Aug/2023:17:23:11 +0000] "POST /objectos/folder HTTP/1.1" 200 199 "-" "PostmanRuntime/7.32.3"
::1 - - [25/Aug/2023:17:23:15 +0000] "POST /objectos/folder HTTP/1.1" 200 199 "-" "PostmanRuntime/7.32.3"
::1 - - [25/Aug/2023:17:23:36 +0000] "POST /objectos/folder HTTP/1.1" 200 236 "-" "PostmanRuntime/7.32.3"
::1 - - [25/Aug/2023:17:23:56 +0000] "POST /objectos/folder HTTP/1.1" 200 236 "-" "PostmanRuntime/7.32.3"
::1 - - [25/Aug/2023:17:24:01 +0000] "POST /objectos/folder HTTP/1.1" 200 236 "-" "PostmanRuntime/7.32.3"
::1 - - [25/Aug/2023:17:24:20 +0000] "POST /objectos/folder HTTP/1.1" 200 273 "-" "PostmanRuntime/7.32.3"
::1 - - [25/Aug/2023:17:24:24 +0000] "POST /objectos/folder HTTP/1.1" 200 273 "-" "PostmanRuntime/7.32.3"
::1 - - [25/Aug/2023:17:24:29 +0000] "POST /objectos/folder HTTP/1.1" 200 273 "-" "PostmanRuntime/7.32.3"
::1 - - [25/Aug/2023:17:25:10 +0000] "POST /objectos/folder HTTP/1.1" 200 310 "-" "PostmanRuntime/7.32.3"
::1 - - [25/Aug/2023:17:25:35 +0000] "POST /objectos/folder HTTP/1.1" 200 310 "-" "PostmanRuntime/7.32.3"
::1 - - [25/Aug/2023:17:25:41 +0000] "POST /objectos/folder HTTP/1.1" 200 310 "-" "PostmanRuntime/7.32.3"
::1 - - [25/Aug/2023:17:25:47 +0000] "POST /objectos/folder HTTP/1.1" 200 310 "-" "PostmanRuntime/7.32.3"
::1 - - [25/Aug/2023:17:26:19 +0000] "POST /objectos/archivos HTTP/1.1" 200 1779 "-" "PostmanRuntime/7.32.3"
::1 - - [25/Aug/2023:17:26:32 +0000] "POST /objectos/archivos HTTP/1.1" 200 1685 "-" "PostmanRuntime/7.32.3"
::1 - - [25/Aug/2023:17:28:44 +0000] "POST /objectos/archivos HTTP/1.1" 200 1591 "-" "PostmanRuntime/7.32.3"
::1 - - [25/Aug/2023:17:30:10 +0000] "DELETE /objectos/folder/7a89b243-0ceb-4483-a648-66292033a714 HTTP/1.1" 200 60 "-" "PostmanRuntime/7.32.3"
::1 - - [25/Aug/2023:17:31:16 +0000] "DELETE /objectos/folder/7a89b243-0ceb-4483-a648-66292033a714 HTTP/1.1" 404 52 "-" "PostmanRuntime/7.32.3"
::1 - - [25/Aug/2023:17:31:21 +0000] "DELETE /objectos/folder/d08b56fd-3278-4a37-88d0-262b124818bf HTTP/1.1" 404 52 "-" "PostmanRuntime/7.32.3"
::1 - - [25/Aug/2023:17:31:33 +0000] "DELETE /objectos/folder/e0a0dfcb-0489-497a-a927-94c244d8d5f5 HTTP/1.1" 404 52 "-" "PostmanRuntime/7.32.3"
::1 - - [25/Aug/2023:18:02:01 +0000] "POST /objectos/folder HTTP/1.1" 200 273 "-" "PostmanRuntime/7.32.3"
::1 - - [25/Aug/2023:18:02:07 +0000] "POST /objectos/folder HTTP/1.1" 200 273 "-" "PostmanRuntime/7.32.3"
::1 - - [25/Aug/2023:18:03:00 +0000] "POST /objectos/folder HTTP/1.1" 404 52 "-" "PostmanRuntime/7.32.3"
::1 - - [25/Aug/2023:18:03:24 +0000] "POST /objectos/folder HTTP/1.1" 200 310 "-" "PostmanRuntime/7.32.3"
::1 - - [25/Aug/2023:18:03:30 +0000] "POST /objectos/folder HTTP/1.1" 200 310 "-" "PostmanRuntime/7.32.3"
::1 - - [25/Aug/2023:18:03:52 +0000] "POST /objectos/folder HTTP/1.1" 200 347 "-" "PostmanRuntime/7.32.3"
::1 - - [25/Aug/2023:18:04:13 +0000] "GET /objectos/folder/3e5256f0-1696-4716-a136-d1b8569db052 HTTP/1.1" 200 590 "-" "PostmanRuntime/7.32.3"
::1 - - [25/Aug/2023:18:04:54 +0000] "POST /objectos/archivos HTTP/1.1" 200 1687 "-" "PostmanRuntime/7.32.3"
::1 - - [25/Aug/2023:18:05:19 +0000] "POST /objectos/archivos HTTP/1.1" 200 1875 "-" "PostmanRuntime/7.32.3"
::1 - - [25/Aug/2023:18:07:08 +0000] "GET /objectos/folder/499a7cbf-b102-4379-a70c-30a6aeb38726 HTTP/1.1" 404 52 "-" "PostmanRuntime/7.32.3"
::1 - - [25/Aug/2023:18:07:13 +0000] "POST /objectos/archivos HTTP/1.1" 404 52 "-" "PostmanRuntime/7.32.3"
::1 - - [25/Aug/2023:18:07:19 +0000] "DELETE /objectos/folder/499a7cbf-b102-4379-a70c-30a6aeb38726 HTTP/1.1" 404 52 "-" "PostmanRuntime/7.32.3"
::1 - - [25/Aug/2023:18:07:37 +0000] "DELETE /objectos/folder/3e5256f0-1696-4716-a136-d1b8569db052 HTTP/1.1" 200 60 "-" "PostmanRuntime/7.32.3"
::1 - - [25/Aug/2023:19:40:50 +0000] "PUT /objectos/folder/recuperar/123 HTTP/1.1" 400 66 "-" "PostmanRuntime/7.32.3"
::1 - - [25/Aug/2023:19:41:05 +0000] "GET /objectos/folder/499a7cbf-b102-4379-a70c-30a6aeb38726 HTTP/1.1" 500 47 "-" "PostmanRuntime/7.32.3"
::1 - - [25/Aug/2023:19:41:44 +0000] "POST /auth/usuario/iniciar-sesion HTTP/1.1" 200 286 "-" "PostmanRuntime/7.32.3"
::1 - - [25/Aug/2023:19:41:57 +0000] "GET /objectos/folder/499a7cbf-b102-4379-a70c-30a6aeb38726 HTTP/1.1" 404 52 "-" "PostmanRuntime/7.32.3"
::1 - - [25/Aug/2023:19:42:03 +0000] "POST /auth/usuario/iniciar-sesion HTTP/1.1" 200 286 "-" "PostmanRuntime/7.32.3"
::1 - - [25/Aug/2023:19:42:10 +0000] "GET /objectos/folder/499a7cbf-b102-4379-a70c-30a6aeb38726 HTTP/1.1" 200 77 "-" "PostmanRuntime/7.32.3"
::1 - - [25/Aug/2023:19:43:02 +0000] "GET /objectos/folder/a0492798-47b2-48e4-851f-4e0de10abe21 HTTP/1.1" 200 313 "-" "PostmanRuntime/7.32.3"
::1 - - [25/Aug/2023:19:43:53 +0000] "PUT /objectos/folder/recuperar/123 HTTP/1.1" 404 52 "-" "PostmanRuntime/7.32.3"
::1 - - [25/Aug/2023:19:44:20 +0000] "PUT /objectos/folder/recuperar/a0492798-47b2-48e4-851f-4e0de10abe21 HTTP/1.1" 404 52 "-" "PostmanRuntime/7.32.3"
::1 - - [25/Aug/2023:19:44:40 +0000] "PUT /objectos/folder/recuperar/3c4b7ae0-6a72-4b74-b535-e7a3c1ce8eae HTTP/1.1" 200 46 "-" "PostmanRuntime/7.32.3"
::1 - - [25/Aug/2023:21:06:03 +0000] "DELETE /objectos/folder/aee5b324-ef6f-42e1-b50d-517f8cfa2dd0 HTTP/1.1" 500 47 "-" "PostmanRuntime/7.32.3"
::1 - - [25/Aug/2023:21:06:21 +0000] "DELETE /objectos/folder/a0492798-47b2-48e4-851f-4e0de10abe21 HTTP/1.1" 500 47 "-" "PostmanRuntime/7.32.3"
::1 - - [25/Aug/2023:21:06:39 +0000] "DELETE /objectos/folder/af88a6c6-5de7-48d9-982a-d3035bba39ba HTTP/1.1" 404 52 "-" "PostmanRuntime/7.32.3"
::1 - - [25/Aug/2023:21:11:22 +0000] "DELETE /objectos/folder/3e5256f0-1696-4716-a136-d1b8569db052 HTTP/1.1" 500 47 "-" "PostmanRuntime/7.32.3"
::1 - - [25/Aug/2023:21:12:40 +0000] "DELETE /objectos/folder/3e5256f0-1696-4716-a136-d1b8569db052 HTTP/1.1" 404 57 "-" "PostmanRuntime/7.32.3"
::1 - - [25/Aug/2023:21:13:22 +0000] "DELETE /objectos/folder/3e5256f0-1696-4716-a136-d1b8569db052 HTTP/1.1" 500 47 "-" "PostmanRuntime/7.32.3"
::1 - - [25/Aug/2023:21:13:49 +0000] "DELETE /objectos/folder/3e5256f0-1696-4716-a136-d1b8569db052 HTTP/1.1" 500 47 "-" "PostmanRuntime/7.32.3"
::1 - - [25/Aug/2023:21:14:17 +0000] "DELETE /objectos/folder/3e5256f0-1696-4716-a136-d1b8569db052 HTTP/1.1" 404 57 "-" "PostmanRuntime/7.32.3"
::1 - - [25/Aug/2023:21:14:49 +0000] "DELETE /objectos/folder/3e5256f0-1696-4716-a136-d1b8569db052 HTTP/1.1" 404 57 "-" "PostmanRuntime/7.32.3"
::1 - - [25/Aug/2023:21:15:22 +0000] "DELETE /objectos/folder/3e5256f0-1696-4716-a136-d1b8569db052 HTTP/1.1" 200 60 "-" "PostmanRuntime/7.32.3"
::1 - - [25/Aug/2023:21:17:59 +0000] "GET /objectos/folder/952b5d7f-861d-4410-911b-ba01898d154c HTTP/1.1" 200 323 "-" "PostmanRuntime/7.32.3"
::1 - - [25/Aug/2023:21:18:27 +0000] "GET /objectos/folder/3e5256f0-1696-4716-a136-d1b8569db052 HTTP/1.1" 404 52 "-" "PostmanRuntime/7.32.3"
::1 - - [25/Aug/2023:21:18:37 +0000] "GET /objectos/folder/f027b793-baba-4dc3-b7f9-f486a5b91bf1 HTTP/1.1" 404 52 "-" "PostmanRuntime/7.32.3"
::1 - - [25/Aug/2023:21:19:28 +0000] "PUT /objectos/folder/recuperar/3e5256f0-1696-4716-a136-d1b8569db052 HTTP/1.1" 200 46 "-" "PostmanRuntime/7.32.3"
::1 - - [25/Aug/2023:21:19:37 +0000] "PUT /objectos/folder/recuperar/952b5d7f-861d-4410-911b-ba01898d154c HTTP/1.1" 404 52 "-" "PostmanRuntime/7.32.3"
::1 - - [25/Aug/2023:21:19:55 +0000] "PUT /objectos/folder/recuperar/3e5256f0-1696-4716-a136-d1b8569db052 HTTP/1.1" 200 46 "-" "PostmanRuntime/7.32.3"
::1 - - [25/Aug/2023:21:20:07 +0000] "PUT /objectos/folder/recuperar/fd006e70-1ae4-4b35-82da-08ec0ab6b0b1 HTTP/1.1" 404 52 "-" "PostmanRuntime/7.32.3"
::1 - - [25/Aug/2023:21:20:18 +0000] "PUT /objectos/folder/recuperar/fd006e70-1ae4-4b35-82da-08ec0ab6b0b1 HTTP/1.1" 404 52 "-" "PostmanRuntime/7.32.3"
::1 - - [25/Aug/2023:21:20:39 +0000] "PUT /objectos/folder/recuperar/18c4568b-3ac5-4bb4-900a-5366a8c51d8e HTTP/1.1" 200 46 "-" "PostmanRuntime/7.32.3"
::1 - - [25/Aug/2023:21:20:49 +0000] "PUT /objectos/folder/recuperar/70f63fdb-378a-4297-8123-bd2e07df0801 HTTP/1.1" 404 52 "-" "PostmanRuntime/7.32.3"
::1 - - [25/Aug/2023:22:19:52 +0000] "PUT /objectos/folder/recuperar/13de485f-36c1-4d7f-aabe-7ff2d364e94f HTTP/1.1" 404 52 "-" "PostmanRuntime/7.32.3"
::1 - - [25/Aug/2023:22:20:08 +0000] "PUT /objectos/folder/recuperar/5042653f-7b45-4d72-91cd-6c839036276f HTTP/1.1" 404 52 "-" "PostmanRuntime/7.32.3"
::1 - - [25/Aug/2023:22:20:28 +0000] "PUT /objectos/folder/recuperar/3e5256f0-1696-4716-a136-d1b8569db052 HTTP/1.1" 200 46 "-" "PostmanRuntime/7.32.3"
::1 - - [25/Aug/2023:22:20:39 +0000] "PUT /objectos/folder/recuperar/fa81ffb4-a559-4f85-a397-677081e51924 HTTP/1.1" 200 46 "-" "PostmanRuntime/7.32.3"
::1 - - [25/Aug/2023:22:21:54 +0000] "PUT /objectos/folder/recuperar/fa81ffb4-a559-4f85-a397-677081e51924 HTTP/1.1" 200 46 "-" "PostmanRuntime/7.32.3"
::1 - - [25/Aug/2023:22:24:56 +0000] "PUT /objectos/folder/recuperar/13de485f-36c1-4d7f-aabe-7ff2d364e94f HTTP/1.1" 404 52 "-" "PostmanRuntime/7.32.3"
::1 - - [25/Aug/2023:22:25:15 +0000] "PUT /objectos/folder/recuperar/5042653f-7b45-4d72-91cd-6c839036276f HTTP/1.1" 404 52 "-" "PostmanRuntime/7.32.3"
::1 - - [25/Aug/2023:22:25:34 +0000] "PUT /objectos/folder/recuperar/3e5256f0-1696-4716-a136-d1b8569db052 HTTP/1.1" 200 46 "-" "PostmanRuntime/7.32.3"
::1 - - [25/Aug/2023:22:25:42 +0000] "PUT /objectos/folder/recuperar/fa81ffb4-a559-4f85-a397-677081e51924 HTTP/1.1" 404 50 "-" "PostmanRuntime/7.32.3"
::1 - - [25/Aug/2023:22:25:53 +0000] "PUT /objectos/folder/recuperar/fa81ffb4-a559-4f85-a397-677081e51924 HTTP/1.1" 404 50 "-" "PostmanRuntime/7.32.3"
::1 - - [25/Aug/2023:22:26:00 +0000] "PUT /objectos/folder/recuperar/f027b793-baba-4dc3-b7f9-f486a5b91bf1 HTTP/1.1" 404 50 "-" "PostmanRuntime/7.32.3"
::1 - - [25/Aug/2023:22:26:08 +0000] "PUT /objectos/folder/recuperar/3e5256f0-1696-4716-a136-d1b8569db052 HTTP/1.1" 200 46 "-" "PostmanRuntime/7.32.3"
::1 - - [25/Aug/2023:22:26:22 +0000] "PUT /objectos/folder/recuperar/952b5d7f-861d-4410-911b-ba01898d154c HTTP/1.1" 404 52 "-" "PostmanRuntime/7.32.3"
::1 - - [25/Aug/2023:22:26:29 +0000] "PUT /objectos/folder/recuperar/fd006e70-1ae4-4b35-82da-08ec0ab6b0b1 HTTP/1.1" 404 52 "-" "PostmanRuntime/7.32.3"
::1 - - [25/Aug/2023:23:08:24 +0000] "PUT /objectos/folder/recuperar/3e5256f0-1696-4716-a136-d1b8569db052 HTTP/1.1" 200 102 "-" "PostmanRuntime/7.32.3"
::1 - - [26/Aug/2023:00:07:14 +0000] "PUT /objectos/folder/recuperar/3e5256f0-1696-4716-a136-d1b8569db052 HTTP/1.1" 500 73 "-" "PostmanRuntime/7.32.3"
::1 - - [26/Aug/2023:00:07:53 +0000] "PUT /objectos/folder/recuperar/3e5256f0-1696-4716-a136-d1b8569db052 HTTP/1.1" 200 102 "-" "PostmanRuntime/7.32.3"
::1 - - [26/Aug/2023:00:09:34 +0000] "PUT /objectos/folder/recuperar/3e5256f0-1696-4716-a136-d1b8569db052 HTTP/1.1" 200 102 "-" "PostmanRuntime/7.32.3"
::1 - - [26/Aug/2023:00:13:31 +0000] "PUT /objectos/folder/recuperar/3e5256f0-1696-4716-a136-d1b8569db052 HTTP/1.1" 500 73 "-" "PostmanRuntime/7.32.3"
::1 - - [26/Aug/2023:00:13:47 +0000] "PUT /objectos/folder/recuperar/3e5256f0-1696-4716-a136-d1b8569db052 HTTP/1.1" 200 848 "-" "PostmanRuntime/7.32.3"
::1 - - [26/Aug/2023:00:15:05 +0000] "PUT /objectos/folder/recuperar/3e5256f0-1696-4716-a136-d1b8569db052 HTTP/1.1" 200 116 "-" "PostmanRuntime/7.32.3"
::1 - - [26/Aug/2023:00:15:24 +0000] "PUT /objectos/folder/recuperar/3e5256f0-1696-4716-a136-d1b8569db052 HTTP/1.1" 200 116 "-" "PostmanRuntime/7.32.3"
::1 - - [26/Aug/2023:00:15:56 +0000] "PUT /objectos/folder/recuperar/3e5256f0-1696-4716-a136-d1b8569db052 HTTP/1.1" 200 848 "-" "PostmanRuntime/7.32.3"
::1 - - [26/Aug/2023:00:17:36 +0000] "PUT /objectos/folder/recuperar/3e5256f0-1696-4716-a136-d1b8569db052 HTTP/1.1" 200 799 "-" "PostmanRuntime/7.32.3"
::1 - - [26/Aug/2023:00:17:55 +0000] "PUT /objectos/folder/recuperar/3e5256f0-1696-4716-a136-d1b8569db052 HTTP/1.1" 200 787 "-" "PostmanRuntime/7.32.3"
::1 - - [26/Aug/2023:00:18:34 +0000] "PUT /objectos/folder/recuperar/3e5256f0-1696-4716-a136-d1b8569db052 HTTP/1.1" 200 736 "-" "PostmanRuntime/7.32.3"
::1 - - [26/Aug/2023:00:19:33 +0000] "PUT /objectos/folder/recuperar/3e5256f0-1696-4716-a136-d1b8569db052 HTTP/1.1" 200 726 "-" "PostmanRuntime/7.32.3"
::1 - - [26/Aug/2023:00:22:55 +0000] "PUT /objectos/folder/recuperar/3e5256f0-1696-4716-a136-d1b8569db052 HTTP/1.1" 500 73 "-" "PostmanRuntime/7.32.3"
::1 - - [26/Aug/2023:00:29:45 +0000] "PUT /objectos/folder/recuperar/3e5256f0-1696-4716-a136-d1b8569db052 HTTP/1.1" 500 73 "-" "PostmanRuntime/7.32.3"
::1 - - [26/Aug/2023:00:31:18 +0000] "PUT /objectos/folder/recuperar/3e5256f0-1696-4716-a136-d1b8569db052 HTTP/1.1" 500 73 "-" "PostmanRuntime/7.32.3"
::1 - - [26/Aug/2023:00:33:48 +0000] "PUT /objectos/folder/recuperar/3e5256f0-1696-4716-a136-d1b8569db052 HTTP/1.1" 200 56 "-" "PostmanRuntime/7.32.3"
::1 - - [26/Aug/2023:00:34:02 +0000] "PUT /objectos/folder/recuperar/3e5256f0-1696-4716-a136-d1b8569db052 HTTP/1.1" 200 56 "-" "PostmanRuntime/7.32.3"
::1 - - [26/Aug/2023:00:35:00 +0000] "PUT /objectos/folder/recuperar/3e5256f0-1696-4716-a136-d1b8569db052 HTTP/1.1" 200 56 "-" "PostmanRuntime/7.32.3"
::1 - - [26/Aug/2023:00:36:46 +0000] "PUT /objectos/folder/recuperar/3e5256f0-1696-4716-a136-d1b8569db052 HTTP/1.1" 500 73 "-" "PostmanRuntime/7.32.3"
::1 - - [26/Aug/2023:00:39:00 +0000] "PUT /objectos/folder/recuperar/3e5256f0-1696-4716-a136-d1b8569db052 HTTP/1.1" 500 73 "-" "PostmanRuntime/7.32.3"
::1 - - [26/Aug/2023:00:48:58 +0000] "PUT /objectos/folder/recuperar/3e5256f0-1696-4716-a136-d1b8569db052 HTTP/1.1" 500 73 "-" "PostmanRuntime/7.32.3"
::1 - - [26/Aug/2023:00:50:22 +0000] "PUT /objectos/folder/recuperar/3e5256f0-1696-4716-a136-d1b8569db052 HTTP/1.1" 200 56 "-" "PostmanRuntime/7.32.3"
::1 - - [26/Aug/2023:00:50:49 +0000] "PUT /objectos/folder/recuperar/3e5256f0-1696-4716-a136-d1b8569db052 HTTP/1.1" 200 56 "-" "PostmanRuntime/7.32.3"
::1 - - [26/Aug/2023:00:53:47 +0000] "POST /objectos/archivos HTTP/1.1" 404 52 "-" "PostmanRuntime/7.32.3"
::1 - - [26/Aug/2023:00:55:20 +0000] "PUT /objectos/folder/recuperar/3c4b7ae0-6a72-4b74-b535-e7a3c1ce8eae HTTP/1.1" 404 52 "-" "PostmanRuntime/7.32.3"
::1 - - [26/Aug/2023:00:55:38 +0000] "PUT /objectos/folder/recuperar/3e5256f0-1696-4716-a136-d1b8569db052 HTTP/1.1" 500 73 "-" "PostmanRuntime/7.32.3"
::1 - - [26/Aug/2023:00:56:18 +0000] "PUT /objectos/folder/recuperar/3e5256f0-1696-4716-a136-d1b8569db052 HTTP/1.1" 200 56 "-" "PostmanRuntime/7.32.3"
::1 - - [26/Aug/2023:00:58:17 +0000] "PUT /objectos/folder/recuperar/3e5256f0-1696-4716-a136-d1b8569db052 HTTP/1.1" 500 73 "-" "PostmanRuntime/7.32.3"
::1 - - [26/Aug/2023:01:12:03 +0000] "PUT /objectos/folder/recuperar/3e5256f0-1696-4716-a136-d1b8569db052 HTTP/1.1" 500 73 "-" "PostmanRuntime/7.32.3"
::1 - - [26/Aug/2023:01:12:50 +0000] "PUT /objectos/folder/recuperar/3e5256f0-1696-4716-a136-d1b8569db052 HTTP/1.1" 500 73 "-" "PostmanRuntime/7.32.3"
::1 - - [26/Aug/2023:01:14:49 +0000] "PUT /objectos/folder/recuperar/3e5256f0-1696-4716-a136-d1b8569db052 HTTP/1.1" 200 56 "-" "PostmanRuntime/7.32.3"
::1 - - [26/Aug/2023:01:31:58 +0000] "PUT /objectos/folder/recuperar/9bfb4012-7aad-4577-b003-c35fb046d9a3 HTTP/1.1" 404 52 "-" "PostmanRuntime/7.32.3"
::1 - - [26/Aug/2023:01:32:38 +0000] "PUT /objectos/folder/recuperar/3e5256f0-1696-4716-a136-d1b8569db052 HTTP/1.1" 500 73 "-" "PostmanRuntime/7.32.3"
::1 - - [26/Aug/2023:01:33:37 +0000] "PUT /objectos/folder/recuperar/3e5256f0-1696-4716-a136-d1b8569db052 HTTP/1.1" 500 73 "-" "PostmanRuntime/7.32.3"
::1 - - [26/Aug/2023:01:34:02 +0000] "PUT /objectos/folder/recuperar/3e5256f0-1696-4716-a136-d1b8569db052 HTTP/1.1" 500 73 "-" "PostmanRuntime/7.32.3"
::1 - - [26/Aug/2023:01:34:32 +0000] "PUT /objectos/folder/recuperar/3e5256f0-1696-4716-a136-d1b8569db052 HTTP/1.1" 500 73 "-" "PostmanRuntime/7.32.3"
::1 - - [26/Aug/2023:01:35:06 +0000] "PUT /objectos/folder/recuperar/3e5256f0-1696-4716-a136-d1b8569db052 HTTP/1.1" 500 73 "-" "PostmanRuntime/7.32.3"
::1 - - [26/Aug/2023:01:35:27 +0000] "PUT /objectos/folder/recuperar/3e5256f0-1696-4716-a136-d1b8569db052 HTTP/1.1" 500 73 "-" "PostmanRuntime/7.32.3"
::1 - - [26/Aug/2023:01:36:55 +0000] "PUT /objectos/folder/recuperar/3e5256f0-1696-4716-a136-d1b8569db052 HTTP/1.1" 500 73 "-" "PostmanRuntime/7.32.3"
::1 - - [26/Aug/2023:01:37:34 +0000] "PUT /objectos/folder/recuperar/3e5256f0-1696-4716-a136-d1b8569db052 HTTP/1.1" 200 56 "-" "PostmanRuntime/7.32.3"
::1 - - [26/Aug/2023:01:39:22 +0000] "PUT /objectos/folder/recuperar/3e5256f0-1696-4716-a136-d1b8569db052 HTTP/1.1" 500 73 "-" "PostmanRuntime/7.32.3"
::1 - - [26/Aug/2023:01:40:29 +0000] "PUT /objectos/folder/recuperar/3e5256f0-1696-4716-a136-d1b8569db052 HTTP/1.1" 500 73 "-" "PostmanRuntime/7.32.3"
::1 - - [26/Aug/2023:01:46:41 +0000] "PUT /objectos/folder/recuperar/3e5256f0-1696-4716-a136-d1b8569db052 HTTP/1.1" - - "-" "PostmanRuntime/7.32.3"
::1 - - [26/Aug/2023:01:48:31 +0000] "PUT /objectos/folder/recuperar/3e5256f0-1696-4716-a136-d1b8569db052 HTTP/1.1" - - "-" "PostmanRuntime/7.32.3"
::1 - - [26/Aug/2023:01:49:26 +0000] "PUT /objectos/folder/recuperar/3e5256f0-1696-4716-a136-d1b8569db052 HTTP/1.1" - - "-" "PostmanRuntime/7.32.3"
::1 - - [26/Aug/2023:01:50:19 +0000] "PUT /objectos/folder/recuperar/3e5256f0-1696-4716-a136-d1b8569db052 HTTP/1.1" 200 56 "-" "PostmanRuntime/7.32.3"
::1 - - [26/Aug/2023:01:51:52 +0000] "PUT /objectos/folder/recuperar/3e5256f0-1696-4716-a136-d1b8569db052 HTTP/1.1" 500 73 "-" "PostmanRuntime/7.32.3"
::1 - - [26/Aug/2023:01:52:34 +0000] "PUT /objectos/folder/recuperar/3e5256f0-1696-4716-a136-d1b8569db052 HTTP/1.1" 500 73 "-" "PostmanRuntime/7.32.3"
::1 - - [26/Aug/2023:01:53:24 +0000] "PUT /objectos/folder/recuperar/3e5256f0-1696-4716-a136-d1b8569db052 HTTP/1.1" - - "-" "PostmanRuntime/7.32.3"
::1 - - [26/Aug/2023:01:54:38 +0000] "PUT /objectos/folder/recuperar/3e5256f0-1696-4716-a136-d1b8569db052 HTTP/1.1" 500 73 "-" "PostmanRuntime/7.32.3"
::1 - - [26/Aug/2023:01:55:31 +0000] "PUT /objectos/folder/recuperar/3e5256f0-1696-4716-a136-d1b8569db052 HTTP/1.1" 200 56 "-" "PostmanRuntime/7.32.3"
::1 - - [26/Aug/2023:02:10:52 +0000] "POST /objectos/folder HTTP/1.1" 200 236 "-" "PostmanRuntime/7.32.3"
::1 - - [26/Aug/2023:02:10:57 +0000] "POST /objectos/folder HTTP/1.1" 200 236 "-" "PostmanRuntime/7.32.3"
::1 - - [26/Aug/2023:02:11:32 +0000] "POST /objectos/archivos HTTP/1.1" 200 1591 "-" "PostmanRuntime/7.32.3"
::1 - - [26/Aug/2023:02:14:17 +0000] "POST /objectos/folder HTTP/1.1" 200 236 "-" "PostmanRuntime/7.32.3"
::1 - - [26/Aug/2023:02:14:42 +0000] "PUT /objectos/folder/recuperar/38d05eea-b474-402a-a0ae-b1dc54b96fe4 HTTP/1.1" 404 52 "-" "PostmanRuntime/7.32.3"
::1 - - [26/Aug/2023:02:14:51 +0000] "DELETE /objectos/folder/38d05eea-b474-402a-a0ae-b1dc54b96fe4 HTTP/1.1" 200 58 "-" "PostmanRuntime/7.32.3"
::1 - - [26/Aug/2023:02:15:01 +0000] "PUT /objectos/folder/recuperar/38d05eea-b474-402a-a0ae-b1dc54b96fe4 HTTP/1.1" 200 56 "-" "PostmanRuntime/7.32.3"
::1 - - [26/Aug/2023:18:41:16 +0000] "POST /objectos/folder HTTP/1.1" 200 162 "-" "PostmanRuntime/7.32.3"
::1 - - [26/Aug/2023:18:41:22 +0000] "POST /objectos/folder HTTP/1.1" 200 162 "-" "PostmanRuntime/7.32.3"
::1 - - [26/Aug/2023:18:41:33 +0000] "POST /objectos/folder HTTP/1.1" 200 199 "-" "PostmanRuntime/7.32.3"
::1 - - [26/Aug/2023:18:41:36 +0000] "POST /objectos/folder HTTP/1.1" 200 199 "-" "PostmanRuntime/7.32.3"
::1 - - [26/Aug/2023:18:41:39 +0000] "POST /objectos/folder HTTP/1.1" 200 199 "-" "PostmanRuntime/7.32.3"
::1 - - [26/Aug/2023:18:42:03 +0000] "POST /objectos/folder HTTP/1.1" 200 199 "-" "PostmanRuntime/7.32.3"
::1 - - [26/Aug/2023:18:42:15 +0000] "POST /objectos/folder HTTP/1.1" 200 236 "-" "PostmanRuntime/7.32.3"
::1 - - [26/Aug/2023:18:42:18 +0000] "POST /objectos/folder HTTP/1.1" 200 236 "-" "PostmanRuntime/7.32.3"
::1 - - [26/Aug/2023:18:42:21 +0000] "POST /objectos/folder HTTP/1.1" 200 236 "-" "PostmanRuntime/7.32.3"
::1 - - [26/Aug/2023:18:42:55 +0000] "POST /objectos/folder HTTP/1.1" 200 236 "-" "PostmanRuntime/7.32.3"
::1 - - [26/Aug/2023:18:42:59 +0000] "POST /objectos/folder HTTP/1.1" 200 236 "-" "PostmanRuntime/7.32.3"
::1 - - [26/Aug/2023:18:43:09 +0000] "POST /objectos/folder HTTP/1.1" 200 273 "-" "PostmanRuntime/7.32.3"
::1 - - [26/Aug/2023:18:43:12 +0000] "POST /objectos/folder HTTP/1.1" 200 273 "-" "PostmanRuntime/7.32.3"
::1 - - [26/Aug/2023:18:43:44 +0000] "POST /objectos/archivos HTTP/1.1" 200 1685 "-" "PostmanRuntime/7.32.3"
::1 - - [26/Aug/2023:18:46:34 +0000] "DELETE /objectos/folder/5058e0c7-c78f-4af9-867b-a395473fb02c HTTP/1.1" 200 58 "-" "PostmanRuntime/7.32.3"
::1 - - [26/Aug/2023:18:46:59 +0000] "PUT /objectos/folder/recuperar/5058e0c7-c78f-4af9-867b-a395473fb02c HTTP/1.1" 200 56 "-" "PostmanRuntime/7.32.3"
::1 - - [26/Aug/2023:18:51:27 +0000] "DELETE /objectos/folder/5058e0c7-c78f-4af9-867b-a395473fb02c HTTP/1.1" 200 58 "-" "PostmanRuntime/7.32.3"
::1 - - [26/Aug/2023:18:51:58 +0000] "PUT /objectos/folder/recuperar/5058e0c7-c78f-4af9-867b-a395473fb02c HTTP/1.1" 200 56 "-" "PostmanRuntime/7.32.3"
::1 - - [26/Aug/2023:18:55:33 +0000] "DELETE /objectos/folder/5058e0c7-c78f-4af9-867b-a395473fb02c HTTP/1.1" 200 58 "-" "PostmanRuntime/7.32.3"
::1 - - [26/Aug/2023:18:55:36 +0000] "PUT /objectos/folder/recuperar/5058e0c7-c78f-4af9-867b-a395473fb02c HTTP/1.1" 200 735 "-" "PostmanRuntime/7.32.3"
::1 - - [26/Aug/2023:19:07:59 +0000] "PUT /objectos/folder/recuperar/5058e0c7-c78f-4af9-867b-a395473fb02c HTTP/1.1" 200 753 "-" "PostmanRuntime/7.32.3"
::1 - - [26/Aug/2023:19:09:13 +0000] "PUT /objectos/folder/recuperar/5058e0c7-c78f-4af9-867b-a395473fb02c HTTP/1.1" 200 753 "-" "PostmanRuntime/7.32.3"
::1 - - [26/Aug/2023:19:12:29 +0000] "PUT /objectos/folder/recuperar/5058e0c7-c78f-4af9-867b-a395473fb02c HTTP/1.1" 200 753 "-" "PostmanRuntime/7.32.3"
::1 - - [26/Aug/2023:19:12:46 +0000] "PUT /objectos/folder/recuperar/5058e0c7-c78f-4af9-867b-a395473fb02c HTTP/1.1" 200 753 "-" "PostmanRuntime/7.32.3"
::1 - - [26/Aug/2023:19:13:49 +0000] "PUT /objectos/folder/recuperar/5058e0c7-c78f-4af9-867b-a395473fb02c HTTP/1.1" 200 753 "-" "PostmanRuntime/7.32.3"
::1 - - [26/Aug/2023:19:14:26 +0000] "PUT /objectos/folder/recuperar/5058e0c7-c78f-4af9-867b-a395473fb02c HTTP/1.1" 200 753 "-" "PostmanRuntime/7.32.3"
::1 - - [26/Aug/2023:19:14:42 +0000] "PUT /objectos/folder/recuperar/5058e0c7-c78f-4af9-867b-a395473fb02c HTTP/1.1" 200 3003 "-" "PostmanRuntime/7.32.3"
::1 - - [26/Aug/2023:19:28:25 +0000] "POST /objectos/folder HTTP/1.1" 200 310 "-" "PostmanRuntime/7.32.3"
::1 - - [26/Aug/2023:19:28:47 +0000] "POST /objectos/archivos HTTP/1.1" 200 1779 "-" "PostmanRuntime/7.32.3"
::1 - - [26/Aug/2023:19:28:58 +0000] "DELETE /objectos/folder/5058e0c7-c78f-4af9-867b-a395473fb02c HTTP/1.1" 200 58 "-" "PostmanRuntime/7.32.3"
::1 - - [26/Aug/2023:19:29:52 +0000] "PUT /objectos/folder/recuperar/5058e0c7-c78f-4af9-867b-a395473fb02c HTTP/1.1" 200 5356 "-" "PostmanRuntime/7.32.3"
::1 - - [26/Aug/2023:19:34:30 +0000] "PUT /objectos/folder/recuperar/5058e0c7-c78f-4af9-867b-a395473fb02c HTTP/1.1" 500 73 "-" "PostmanRuntime/7.32.3"
::1 - - [26/Aug/2023:19:35:00 +0000] "PUT /objectos/folder/recuperar/5058e0c7-c78f-4af9-867b-a395473fb02c HTTP/1.1" 500 73 "-" "PostmanRuntime/7.32.3"
::1 - - [26/Aug/2023:19:35:25 +0000] "PUT /objectos/folder/recuperar/5058e0c7-c78f-4af9-867b-a395473fb02c HTTP/1.1" 200 4977 "-" "PostmanRuntime/7.32.3"
::1 - - [26/Aug/2023:19:35:58 +0000] "PUT /objectos/folder/recuperar/5058e0c7-c78f-4af9-867b-a395473fb02c HTTP/1.1" 200 1074 "-" "PostmanRuntime/7.32.3"
::1 - - [26/Aug/2023:19:37:25 +0000] "PUT /objectos/folder/recuperar/5058e0c7-c78f-4af9-867b-a395473fb02c HTTP/1.1" 200 1170 "-" "PostmanRuntime/7.32.3"
::1 - - [26/Aug/2023:19:42:41 +0000] "PUT /objectos/folder/recuperar/5058e0c7-c78f-4af9-867b-a395473fb02c HTTP/1.1" 500 47 "-" "PostmanRuntime/7.32.3"
::1 - - [26/Aug/2023:19:43:33 +0000] "POST /auth/usuario/iniciar-sesion HTTP/1.1" 400 63 "-" "PostmanRuntime/7.32.3"
::1 - - [26/Aug/2023:19:43:47 +0000] "POST /auth/usuario/iniciar-sesion HTTP/1.1" 200 286 "-" "PostmanRuntime/7.32.3"
::1 - - [26/Aug/2023:19:44:21 +0000] "PUT /objectos/folder/recuperar/5058e0c7-c78f-4af9-867b-a395473fb02c HTTP/1.1" 200 867 "-" "PostmanRuntime/7.32.3"
::1 - - [26/Aug/2023:19:44:53 +0000] "PUT /objectos/folder/recuperar/5058e0c7-c78f-4af9-867b-a395473fb02c HTTP/1.1" 200 1170 "-" "PostmanRuntime/7.32.3"
::1 - - [26/Aug/2023:19:45:39 +0000] "PUT /objectos/folder/recuperar/5058e0c7-c78f-4af9-867b-a395473fb02c HTTP/1.1" 200 867 "-" "PostmanRuntime/7.32.3"
::1 - - [26/Aug/2023:19:45:59 +0000] "PUT /objectos/folder/recuperar/5058e0c7-c78f-4af9-867b-a395473fb02c HTTP/1.1" 200 1164 "-" "PostmanRuntime/7.32.3"
::1 - - [26/Aug/2023:19:48:15 +0000] "PUT /objectos/folder/recuperar/5058e0c7-c78f-4af9-867b-a395473fb02c HTTP/1.1" 200 1176 "-" "PostmanRuntime/7.32.3"
::1 - - [26/Aug/2023:19:48:55 +0000] "PUT /objectos/folder/recuperar/5058e0c7-c78f-4af9-867b-a395473fb02c HTTP/1.1" 200 1176 "-" "PostmanRuntime/7.32.3"
::1 - - [26/Aug/2023:19:51:07 +0000] "PUT /objectos/folder/recuperar/5058e0c7-c78f-4af9-867b-a395473fb02c HTTP/1.1" 200 1176 "-" "PostmanRuntime/7.32.3"
::1 - - [26/Aug/2023:19:52:19 +0000] "PUT /objectos/folder/recuperar/5058e0c7-c78f-4af9-867b-a395473fb02c HTTP/1.1" 200 1020 "-" "PostmanRuntime/7.32.3"
::1 - - [26/Aug/2023:19:52:53 +0000] "PUT /objectos/folder/recuperar/5058e0c7-c78f-4af9-867b-a395473fb02c HTTP/1.1" 200 1059 "-" "PostmanRuntime/7.32.3"
::1 - - [26/Aug/2023:19:53:41 +0000] "PUT /objectos/folder/recuperar/5058e0c7-c78f-4af9-867b-a395473fb02c HTTP/1.1" 200 1033 "-" "PostmanRuntime/7.32.3"
::1 - - [26/Aug/2023:19:54:19 +0000] "PUT /objectos/folder/recuperar/5058e0c7-c78f-4af9-867b-a395473fb02c HTTP/1.1" 200 1025 "-" "PostmanRuntime/7.32.3"
::1 - - [26/Aug/2023:19:54:42 +0000] "PUT /objectos/folder/recuperar/5058e0c7-c78f-4af9-867b-a395473fb02c HTTP/1.1" 200 4928 "-" "PostmanRuntime/7.32.3"
::1 - - [26/Aug/2023:19:55:16 +0000] "PUT /objectos/folder/recuperar/5058e0c7-c78f-4af9-867b-a395473fb02c HTTP/1.1" 200 1149 "-" "PostmanRuntime/7.32.3"
::1 - - [26/Aug/2023:19:56:01 +0000] "PUT /objectos/folder/recuperar/5058e0c7-c78f-4af9-867b-a395473fb02c HTTP/1.1" 200 1218 "-" "PostmanRuntime/7.32.3"
::1 - - [26/Aug/2023:19:58:25 +0000] "PUT /objectos/folder/recuperar/5058e0c7-c78f-4af9-867b-a395473fb02c HTTP/1.1" 200 1384 "-" "PostmanRuntime/7.32.3"
::1 - - [26/Aug/2023:19:58:57 +0000] "PUT /objectos/folder/recuperar/5058e0c7-c78f-4af9-867b-a395473fb02c HTTP/1.1" 200 1388 "-" "PostmanRuntime/7.32.3"
::1 - - [26/Aug/2023:19:59:13 +0000] "PUT /objectos/folder/recuperar/5058e0c7-c78f-4af9-867b-a395473fb02c HTTP/1.1" 200 1387 "-" "PostmanRuntime/7.32.3"
::1 - - [26/Aug/2023:20:00:27 +0000] "PUT /objectos/folder/recuperar/5058e0c7-c78f-4af9-867b-a395473fb02c HTTP/1.1" 200 1460 "-" "PostmanRuntime/7.32.3"
::1 - - [26/Aug/2023:20:09:14 +0000] "PUT /objectos/folder/recuperar/5058e0c7-c78f-4af9-867b-a395473fb02c HTTP/1.1" 500 73 "-" "PostmanRuntime/7.32.3"
::1 - - [26/Aug/2023:20:09:34 +0000] "PUT /objectos/folder/recuperar/5058e0c7-c78f-4af9-867b-a395473fb02c HTTP/1.1" 500 73 "-" "PostmanRuntime/7.32.3"
::1 - - [26/Aug/2023:20:15:48 +0000] "PUT /objectos/folder/recuperar/5058e0c7-c78f-4af9-867b-a395473fb02c HTTP/1.1" 200 56 "-" "PostmanRuntime/7.32.3"
::1 - - [26/Aug/2023:20:18:09 +0000] "PUT /objectos/folder/recuperar/5058e0c7-c78f-4af9-867b-a395473fb02c HTTP/1.1" 500 73 "-" "PostmanRuntime/7.32.3"
::1 - - [26/Aug/2023:20:21:54 +0000] "PUT /objectos/folder/recuperar/5058e0c7-c78f-4af9-867b-a395473fb02c HTTP/1.1" 500 73 "-" "PostmanRuntime/7.32.3"
::1 - - [26/Aug/2023:20:25:39 +0000] "PUT /objectos/folder/recuperar/5058e0c7-c78f-4af9-867b-a395473fb02c HTTP/1.1" 200 56 "-" "PostmanRuntime/7.32.3"
::1 - - [26/Aug/2023:21:32:31 +0000] "POST /objectos/folder HTTP/1.1" 200 310 "-" "PostmanRuntime/7.32.3"
::1 - - [26/Aug/2023:21:32:38 +0000] "POST /objectos/folder HTTP/1.1" 200 310 "-" "PostmanRuntime/7.32.3"
::1 - - [26/Aug/2023:21:33:06 +0000] "POST /objectos/archivos HTTP/1.1" 200 2441 "-" "PostmanRuntime/7.32.3"
::1 - - [26/Aug/2023:21:33:16 +0000] "GET /objectos/folder/1f743628-5b15-4962-a6c8-4ef382e51f33 HTTP/1.1" 200 942 "-" "PostmanRuntime/7.32.3"
::1 - - [26/Aug/2023:21:35:14 +0000] "DELETE /objectos/folder/33732e97-f70e-4f44-97d0-0069a6cd5d2c HTTP/1.1" 200 58 "-" "PostmanRuntime/7.32.3"
::1 - - [26/Aug/2023:21:35:45 +0000] "PUT /objectos/folder/recuperar/1f743628-5b15-4962-a6c8-4ef382e51f33 HTTP/1.1" 404 50 "-" "PostmanRuntime/7.32.3"
::1 - - [26/Aug/2023:21:37:17 +0000] "PUT /objectos/folder/recuperar/33732e97-f70e-4f44-97d0-0069a6cd5d2c HTTP/1.1" 500 73 "-" "PostmanRuntime/7.32.3"
::1 - - [26/Aug/2023:21:43:06 +0000] "DELETE /objectos/folder/33732e97-f70e-4f44-97d0-0069a6cd5d2c HTTP/1.1" 200 58 "-" "PostmanRuntime/7.32.3"
::1 - - [26/Aug/2023:21:44:27 +0000] "PUT /objectos/folder/recuperar/33732e97-f70e-4f44-97d0-0069a6cd5d2c HTTP/1.1" 500 73 "-" "PostmanRuntime/7.32.3"
::1 - - [26/Aug/2023:21:45:57 +0000] "DELETE /objectos/folder/33732e97-f70e-4f44-97d0-0069a6cd5d2c HTTP/1.1" 200 58 "-" "PostmanRuntime/7.32.3"
::1 - - [26/Aug/2023:21:46:48 +0000] "DELETE /objectos/folder/0f05cb36-784a-4620-bd5c-d7cd162b3ddb HTTP/1.1" 200 58 "-" "PostmanRuntime/7.32.3"
::1 - - [26/Aug/2023:21:46:55 +0000] "PUT /objectos/folder/recuperar/0f05cb36-784a-4620-bd5c-d7cd162b3ddb HTTP/1.1" 200 56 "-" "PostmanRuntime/7.32.3"
::1 - - [26/Aug/2023:21:48:34 +0000] "PUT /objectos/folder/recuperar/33732e97-f70e-4f44-97d0-0069a6cd5d2c HTTP/1.1" - - "-" "PostmanRuntime/7.32.3"
::1 - - [26/Aug/2023:21:49:23 +0000] "DELETE /objectos/folder/8f234a5a-b6d6-4634-8bd0-0fc03a00eb9b HTTP/1.1" 200 58 "-" "PostmanRuntime/7.32.3"
::1 - - [26/Aug/2023:21:49:37 +0000] "PUT /objectos/folder/recuperar/8f234a5a-b6d6-4634-8bd0-0fc03a00eb9b HTTP/1.1" 200 56 "-" "PostmanRuntime/7.32.3"
::1 - - [26/Aug/2023:21:53:10 +0000] "PUT /objectos/folder/recuperar/33732e97-f70e-4f44-97d0-0069a6cd5d2c HTTP/1.1" 500 73 "-" "PostmanRuntime/7.32.3"
::1 - - [26/Aug/2023:21:53:42 +0000] "POST /objectos/folder HTTP/1.1" 200 236 "-" "PostmanRuntime/7.32.3"
::1 - - [26/Aug/2023:21:53:46 +0000] "POST /objectos/folder HTTP/1.1" 200 236 "-" "PostmanRuntime/7.32.3"
::1 - - [26/Aug/2023:21:53:57 +0000] "POST /objectos/archivos HTTP/1.1" 200 2159 "-" "PostmanRuntime/7.32.3"
::1 - - [26/Aug/2023:21:54:55 +0000] "DELETE /objectos/folder/3b513c78-6880-4865-8ae3-329bbfefa440 HTTP/1.1" 200 58 "-" "PostmanRuntime/7.32.3"
::1 - - [26/Aug/2023:21:55:00 +0000] "PUT /objectos/folder/recuperar/3b513c78-6880-4865-8ae3-329bbfefa440 HTTP/1.1" 200 56 "-" "PostmanRuntime/7.32.3"
::1 - - [26/Aug/2023:21:57:36 +0000] "PUT /objectos/folder/recuperar/33732e97-f70e-4f44-97d0-0069a6cd5d2c HTTP/1.1" - - "-" "PostmanRuntime/7.32.3"
::1 - - [26/Aug/2023:21:59:49 +0000] "POST /objectos/folder HTTP/1.1" 200 162 "-" "PostmanRuntime/7.32.3"
::1 - - [26/Aug/2023:22:00:01 +0000] "POST /objectos/folder HTTP/1.1" 200 199 "-" "PostmanRuntime/7.32.3"
::1 - - [26/Aug/2023:22:00:14 +0000] "POST /objectos/folder HTTP/1.1" 404 52 "-" "PostmanRuntime/7.32.3"
::1 - - [26/Aug/2023:22:00:50 +0000] "POST /objectos/folder HTTP/1.1" 200 236 "-" "PostmanRuntime/7.32.3"
::1 - - [26/Aug/2023:22:01:01 +0000] "POST /objectos/folder HTTP/1.1" 200 273 "-" "PostmanRuntime/7.32.3"
::1 - - [26/Aug/2023:22:01:09 +0000] "POST /objectos/archivos HTTP/1.1" 200 2294 "-" "PostmanRuntime/7.32.3"
::1 - - [26/Aug/2023:22:01:27 +0000] "POST /objectos/archivos HTTP/1.1" 200 2018 "-" "PostmanRuntime/7.32.3"
::1 - - [26/Aug/2023:22:02:52 +0000] "DELETE /objectos/folder/31029e08-c7f1-4fc3-9794-8f1408bd60c7 HTTP/1.1" 200 58 "-" "PostmanRuntime/7.32.3"
::1 - - [26/Aug/2023:22:03:17 +0000] "DELETE /objectos/folder/49914f7c-1374-49b9-8453-353831a4f219 HTTP/1.1" 200 58 "-" "PostmanRuntime/7.32.3"
::1 - - [26/Aug/2023:22:04:04 +0000] "PUT /objectos/folder/recuperar/49914f7c-1374-49b9-8453-353831a4f219 HTTP/1.1" - - "-" "PostmanRuntime/7.32.3"
::1 - - [26/Aug/2023:22:04:49 +0000] "PUT /objectos/folder/recuperar/31029e08-c7f1-4fc3-9794-8f1408bd60c7 HTTP/1.1" - - "-" "PostmanRuntime/7.32.3"
::1 - - [26/Aug/2023:22:06:49 +0000] "POST /objectos/folder HTTP/1.1" 200 236 "-" "PostmanRuntime/7.32.3"
::1 - - [26/Aug/2023:22:07:03 +0000] "POST /objectos/archivos HTTP/1.1" 200 2156 "-" "PostmanRuntime/7.32.3"
::1 - - [26/Aug/2023:22:07:15 +0000] "DELETE /objectos/folder/014f640e-1a9f-4265-9703-917118ea200b HTTP/1.1" 200 58 "-" "PostmanRuntime/7.32.3"
::1 - - [26/Aug/2023:22:07:23 +0000] "PUT /objectos/folder/recuperar/014f640e-1a9f-4265-9703-917118ea200b HTTP/1.1" 200 56 "-" "PostmanRuntime/7.32.3"
::1 - - [26/Aug/2023:22:07:56 +0000] "POST /objectos/folder HTTP/1.1" 200 273 "-" "PostmanRuntime/7.32.3"
::1 - - [26/Aug/2023:22:08:04 +0000] "POST /objectos/folder HTTP/1.1" 200 273 "-" "PostmanRuntime/7.32.3"
::1 - - [26/Aug/2023:22:08:20 +0000] "POST /objectos/folder HTTP/1.1" 200 310 "-" "PostmanRuntime/7.32.3"
::1 - - [26/Aug/2023:22:08:51 +0000] "POST /objectos/folder HTTP/1.1" 200 310 "-" "PostmanRuntime/7.32.3"
::1 - - [26/Aug/2023:22:09:06 +0000] "POST /objectos/archivos HTTP/1.1" 200 2432 "-" "PostmanRuntime/7.32.3"
::1 - - [26/Aug/2023:22:09:32 +0000] "DELETE /objectos/folder/144b9e27-95c7-4fac-984d-50e22e54dd21 HTTP/1.1" 200 58 "-" "PostmanRuntime/7.32.3"
::1 - - [26/Aug/2023:22:09:46 +0000] "DELETE /objectos/folder/97f350b7-0760-4c77-9fae-f0ade11d34e9 HTTP/1.1" 200 58 "-" "PostmanRuntime/7.32.3"
::1 - - [26/Aug/2023:22:10:18 +0000] "PUT /objectos/folder/recuperar/97f350b7-0760-4c77-9fae-f0ade11d34e9 HTTP/1.1" - - "-" "PostmanRuntime/7.32.3"
::1 - - [26/Aug/2023:22:12:55 +0000] "DELETE /objectos/folder/35490b98-cd95-462f-b147-96c27a220ce0 HTTP/1.1" 200 58 "-" "PostmanRuntime/7.32.3"
::1 - - [26/Aug/2023:22:13:38 +0000] "PUT /objectos/folder/recuperar/35490b98-cd95-462f-b147-96c27a220ce0 HTTP/1.1" - - "-" "PostmanRuntime/7.32.3"
::1 - - [26/Aug/2023:22:14:02 +0000] "PUT /objectos/folder/recuperar/144b9e27-95c7-4fac-984d-50e22e54dd21 HTTP/1.1" 200 56 "-" "PostmanRuntime/7.32.3"
::1 - - [27/Aug/2023:00:57:45 +0000] "POST /auth/usuario HTTP/1.1" 500 47 "-" "PostmanRuntime/7.32.3"
::1 - - [27/Aug/2023:00:59:50 +0000] "POST /auth/usuario HTTP/1.1" 200 98 "-" "PostmanRuntime/7.32.3"
::1 - - [27/Aug/2023:01:11:04 +0000] "POST /auth/usuario HTTP/1.1" 200 98 "-" "PostmanRuntime/7.32.3"
::1 - - [27/Aug/2023:01:16:20 +0000] "POST /auth/usuario HTTP/1.1" 200 98 "-" "PostmanRuntime/7.32.3"
::1 - - [27/Aug/2023:01:17:48 +0000] "POST /auth/usuario HTTP/1.1" 200 98 "-" "PostmanRuntime/7.32.3"
::1 - - [27/Aug/2023:01:18:20 +0000] "GET /auth/usuario-confirmar/bbrVT8IL0Q HTTP/1.1" 200 44 "-" "PostmanRuntime/7.32.3"
::1 - - [27/Aug/2023:01:18:24 +0000] "GET /auth/usuario-confirmar/tBwWHinM.9 HTTP/1.1" 200 44 "-" "PostmanRuntime/7.32.3"
::1 - - [27/Aug/2023:01:18:41 +0000] "POST /auth/usuario/iniciar-sesion HTTP/1.1" 200 286 "-" "PostmanRuntime/7.32.3"
::1 - - [27/Aug/2023:01:19:36 +0000] "POST /objectos/folder HTTP/1.1" 200 213 "-" "PostmanRuntime/7.32.3"
::1 - - [27/Aug/2023:01:20:39 +0000] "POST /objectos/folder HTTP/1.1" 200 213 "-" "PostmanRuntime/7.32.3"
::1 - - [27/Aug/2023:01:20:49 +0000] "POST /objectos/folder HTTP/1.1" 404 52 "-" "PostmanRuntime/7.32.3"
::1 - - [27/Aug/2023:01:26:26 +0000] "POST /objectos/folder HTTP/1.1" 200 213 "-" "PostmanRuntime/7.32.3"
::1 - - [27/Aug/2023:01:26:54 +0000] "POST /objectos/folder HTTP/1.1" 200 250 "-" "PostmanRuntime/7.32.3"
::1 - - [27/Aug/2023:01:26:57 +0000] "POST /objectos/folder HTTP/1.1" 200 250 "-" "PostmanRuntime/7.32.3"
::1 - - [27/Aug/2023:01:27:38 +0000] "POST /objectos/archivos HTTP/1.1" 200 2018 "-" "PostmanRuntime/7.32.3"
::1 - - [27/Aug/2023:01:27:47 +0000] "GET /objectos/folder/50c83e53-791b-4f08-ae18-37e4552e11d4 HTTP/1.1" 200 852 "-" "PostmanRuntime/7.32.3"
::1 - - [27/Aug/2023:01:57:30 +0000] "DELETE /objectos/folder/50c83e53-791b-4f08-ae18-37e4552e11d4 HTTP/1.1" 200 146 "-" "PostmanRuntime/7.32.3"
::1 - - [27/Aug/2023:02:09:55 +0000] "POST /auth/usuario HTTP/1.1" 200 98 "-" "PostmanRuntime/7.32.3"
::1 - - [27/Aug/2023:02:10:52 +0000] "POST /auth/usuario HTTP/1.1" 200 98 "-" "PostmanRuntime/7.32.3"
::1 - - [27/Aug/2023:02:11:51 +0000] "GET /auth/usuario-confirmar/xcoN6f3WWL HTTP/1.1" 200 44 "-" "PostmanRuntime/7.32.3"
::1 - - [27/Aug/2023:02:11:57 +0000] "GET /auth/usuario-confirmar/JCAKLMawmA HTTP/1.1" 200 44 "-" "PostmanRuntime/7.32.3"
::1 - - [27/Aug/2023:02:12:04 +0000] "POST /auth/usuario/iniciar-sesion HTTP/1.1" 200 286 "-" "PostmanRuntime/7.32.3"
::1 - - [27/Aug/2023:02:12:19 +0000] "POST /objectos/folder HTTP/1.1" 404 52 "-" "PostmanRuntime/7.32.3"
::1 - - [27/Aug/2023:02:13:00 +0000] "POST /objectos/folder HTTP/1.1" 200 213 "-" "PostmanRuntime/7.32.3"
::1 - - [27/Aug/2023:02:13:30 +0000] "POST /objectos/folder HTTP/1.1" 200 250 "-" "PostmanRuntime/7.32.3"
::1 - - [27/Aug/2023:02:13:33 +0000] "POST /objectos/folder HTTP/1.1" 200 250 "-" "PostmanRuntime/7.32.3"
::1 - - [27/Aug/2023:02:13:49 +0000] "POST /objectos/folder HTTP/1.1" 200 287 "-" "PostmanRuntime/7.32.3"
::1 - - [27/Aug/2023:02:13:52 +0000] "POST /objectos/folder HTTP/1.1" 200 287 "-" "PostmanRuntime/7.32.3"
::1 - - [27/Aug/2023:02:13:55 +0000] "POST /objectos/folder HTTP/1.1" 200 287 "-" "PostmanRuntime/7.32.3"
::1 - - [27/Aug/2023:02:14:14 +0000] "POST /objectos/archivos HTTP/1.1" 200 2156 "-" "PostmanRuntime/7.32.3"
::1 - - [27/Aug/2023:02:39:34 +0000] "DELETE /objectos/folder/a72c81c0-84c3-4efd-92a7-7a2c00efc7f7 HTTP/1.1" 200 183 "-" "PostmanRuntime/7.32.3"
::1 - - [27/Aug/2023:02:39:52 +0000] "DELETE /objectos/folder/a72c81c0-84c3-4efd-92a7-7a2c00efc7f7 HTTP/1.1" 200 594 "-" "PostmanRuntime/7.32.3"
::1 - - [27/Aug/2023:02:42:13 +0000] "DELETE /objectos/folder/a72c81c0-84c3-4efd-92a7-7a2c00efc7f7 HTTP/1.1" 200 594 "-" "PostmanRuntime/7.32.3"
::1 - - [27/Aug/2023:02:42:49 +0000] "DELETE /objectos/folder/a72c81c0-84c3-4efd-92a7-7a2c00efc7f7 HTTP/1.1" 200 706 "-" "PostmanRuntime/7.32.3"
::1 - - [27/Aug/2023:02:43:42 +0000] "DELETE /objectos/folder/a72c81c0-84c3-4efd-92a7-7a2c00efc7f7 HTTP/1.1" 200 631 "-" "PostmanRuntime/7.32.3"
::1 - - [27/Aug/2023:02:48:47 +0000] "DELETE /objectos/folder/a72c81c0-84c3-4efd-92a7-7a2c00efc7f7 HTTP/1.1" 200 58 "-" "PostmanRuntime/7.32.3"
::1 - - [27/Aug/2023:03:00:08 +0000] "POST /objectos/folder HTTP/1.1" 200 324 "-" "PostmanRuntime/7.32.3"
::1 - - [27/Aug/2023:03:00:12 +0000] "POST /objectos/folder HTTP/1.1" 200 324 "-" "PostmanRuntime/7.32.3"
::1 - - [27/Aug/2023:03:00:33 +0000] "POST /objectos/archivos HTTP/1.1" 200 2294 "-" "PostmanRuntime/7.32.3"
::1 - - [27/Aug/2023:03:01:48 +0000] "DELETE /objectos/folder/1822cb5d-e751-4e91-a460-3e88f5544bd9 HTTP/1.1" 200 762 "-" "PostmanRuntime/7.32.3"
::1 - - [27/Aug/2023:03:02:07 +0000] "DELETE /objectos/folder/1822cb5d-e751-4e91-a460-3e88f5544bd9 HTTP/1.1" 200 3601 "-" "PostmanRuntime/7.32.3"
::1 - - [27/Aug/2023:03:06:20 +0000] "DELETE /objectos/folder/1822cb5d-e751-4e91-a460-3e88f5544bd9 HTTP/1.1" 200 3601 "-" "PostmanRuntime/7.32.3"
::1 - - [27/Aug/2023:03:09:26 +0000] "DELETE /objectos/folder/dc641baf-58f3-4c47-b0b2-19645e497225 HTTP/1.1" 200 4789 "-" "PostmanRuntime/7.32.3"
::1 - - [27/Aug/2023:03:11:47 +0000] "DELETE /objectos/folder/dc641baf-58f3-4c47-b0b2-19645e497225 HTTP/1.1" 200 4789 "-" "PostmanRuntime/7.32.3"
::1 - - [27/Aug/2023:03:16:36 +0000] "DELETE /objectos/folder/dc641baf-58f3-4c47-b0b2-19645e497225 HTTP/1.1" 200 4789 "-" "PostmanRuntime/7.32.3"
::1 - - [27/Aug/2023:03:21:04 +0000] "DELETE /objectos/folder/dc641baf-58f3-4c47-b0b2-19645e497225 HTTP/1.1" 200 4789 "-" "PostmanRuntime/7.32.3"
::1 - - [27/Aug/2023:03:26:19 +0000] "DELETE /objectos/folder/dc641baf-58f3-4c47-b0b2-19645e497225 HTTP/1.1" 200 4789 "-" "PostmanRuntime/7.32.3"
